
INFO [2023-11-17T13:08:24.928Z]: Set User: pastowskiphilipp635@gmail.com
INFO [2023-11-17T13:08:24.932Z]: {"Telemetry":true}
INFO [2023-11-17T13:08:26.326Z]: extension_initialized
INFO [2023-11-17T13:08:26.327Z]: {"timeToInit":45649,"agent":"cosine-vscode","version":"1.1.2","package":"@cosine/analytics"}
INFO [2023-11-17T15:48:05.717Z]: Set User: pastowskiphilipp635@gmail.com
INFO [2023-11-17T15:48:05.718Z]: {"Telemetry":true}
INFO [2023-11-17T15:48:06.262Z]: extension_initialized
INFO [2023-11-17T15:48:06.262Z]: {"timeToInit":2791,"agent":"cosine-vscode","version":"1.1.2","package":"@cosine/analytics"}
INFO [2023-11-17T15:48:54.837Z]: Set User: pastowskiphilipp635@gmail.com
INFO [2023-11-17T15:48:54.838Z]: {"Telemetry":true}
INFO [2023-11-17T15:48:55.438Z]: extension_initialized
INFO [2023-11-17T15:48:55.439Z]: {"timeToInit":11031,"agent":"cosine-vscode","version":"1.1.2","package":"@cosine/analytics"}
INFO [2023-11-17T15:49:54.349Z]: Set User: pastowskiphilipp635@gmail.com
INFO [2023-11-17T15:49:54.349Z]: {"Telemetry":true}
INFO [2023-11-17T15:49:59.571Z]: extension_initialized
INFO [2023-11-17T15:49:59.572Z]: {"timeToInit":9981,"agent":"cosine-vscode","version":"1.1.2","package":"@cosine/analytics"}
INFO [2023-11-17T15:50:52.263Z]: Set User: pastowskiphilipp635@gmail.com
INFO [2023-11-17T15:50:52.264Z]: {"Telemetry":true}
INFO [2023-11-17T15:50:53.013Z]: extension_initialized
INFO [2023-11-17T15:50:53.013Z]: {"timeToInit":11689,"agent":"cosine-vscode","version":"1.1.2","package":"@cosine/analytics"}
INFO [2023-11-17T15:51:09.411Z]: project_languages
INFO [2023-11-17T15:51:09.412Z]: {"languages":["HTML","CSS","JavaScript"],"agent":"cosine-vscode","version":"1.1.2","package":"@cosine/analytics"}
INFO [2023-11-17T15:51:13.151Z]: project_initialize_start
INFO [2023-11-17T15:51:13.151Z]: {"name":"ugh","languages":["JSON","HTML","JavaScript","CSS","SQL"],"ignored":["!.vscode/*.code-snippets","!.vscode/extensions.json","!.vscode/launch.json","!.vscode/settings.json","!.vscode/tasks.json","$RECYCLE.BIN/","*.cab","*.lcov","*.lnk","*.log","*.msi","*.msix","*.msm","*.msp","*.pid","*.pid.lock","*.seed","*.stackdump","*.tgz","*.tsbuildinfo","*.vsix","*~",".AppleDB",".AppleDesktop",".AppleDouble",".DS_Store",".DocumentRevisions-V100",".LSOverride",".Spotlight-V100",".TemporaryItems",".Trash-*",".Trashes",".VolumeIcon.icns","._*",".apdisk",".cache",".cache/",".changeset",".com.apple.timemachine.donotpresent",".cosine",".devcontainer",".directory",".docusaurus",".dynamodb/",".env",".env.development.local",".env.local",".env.production.local",".env.test.local",".eslintcache",".expo",".expo-settings",".expo-shared",".fseventsd",".fuse_hidden*",".fusebox/",".git",".github",".gitsecret",".grunt",".history/",".husky",".idea",".lock-wscript",".next",".nfs*",".node_repl_history",".npm",".nuxt",".nyc_output",".parcel-cache",".pnp",".pnp.*",".pnp.js",".pnpm-debug.log*",".rpt2_cache/",".rts2_cache_cjs/",".rts2_cache_es/",".rts2_cache_umd/",".serverless/",".storybook",".stylelintcache",".temp",".tern-port",".turbo",".versionbot",".vs",".vscode-test",".vscode/*",".vuepress/dist",".yarn",".yarn-integrity",".yarn/build-state.yml",".yarn/cache",".yarn/install-state.gz",".yarn/unplugged",".yarnrc","Icon","Network Trash Folder","Temporary Items","Thumbs.db","Thumbs.db:encryptable","[Dd]esktop.ini","_generated","bower_components","build","build/Release","coverage","dist","ehthumbs.db","ehthumbs_vista.db","jspm_packages/","lerna-debug.log*","lib-cov","logs","node_modules/","npm-debug.log*","out","package-lock.json","pids","report.[0-9]*.[0-9]*.[0-9]*.[0-9]*.json","web_modules/","yarn-debug.log*","yarn-error.log*","yarn.lock"],"agent":"cosine-vscode","version":"1.1.2","package":"@cosine/analytics"}
INFO [2023-11-17T15:51:54.092Z]: project_initialize_success
INFO [2023-11-17T15:51:54.092Z]: {"name":"ugh","languages":["JSON","HTML","JavaScript","CSS","SQL"],"ignored":["!.vscode/*.code-snippets","!.vscode/extensions.json","!.vscode/launch.json","!.vscode/settings.json","!.vscode/tasks.json","$RECYCLE.BIN/","*.cab","*.lcov","*.lnk","*.log","*.msi","*.msix","*.msm","*.msp","*.pid","*.pid.lock","*.seed","*.stackdump","*.tgz","*.tsbuildinfo","*.vsix","*~",".AppleDB",".AppleDesktop",".AppleDouble",".DS_Store",".DocumentRevisions-V100",".LSOverride",".Spotlight-V100",".TemporaryItems",".Trash-*",".Trashes",".VolumeIcon.icns","._*",".apdisk",".cache",".cache/",".changeset",".com.apple.timemachine.donotpresent",".cosine",".devcontainer",".directory",".docusaurus",".dynamodb/",".env",".env.development.local",".env.local",".env.production.local",".env.test.local",".eslintcache",".expo",".expo-settings",".expo-shared",".fseventsd",".fuse_hidden*",".fusebox/",".git",".github",".gitsecret",".grunt",".history/",".husky",".idea",".lock-wscript",".next",".nfs*",".node_repl_history",".npm",".nuxt",".nyc_output",".parcel-cache",".pnp",".pnp.*",".pnp.js",".pnpm-debug.log*",".rpt2_cache/",".rts2_cache_cjs/",".rts2_cache_es/",".rts2_cache_umd/",".serverless/",".storybook",".stylelintcache",".temp",".tern-port",".turbo",".versionbot",".vs",".vscode-test",".vscode/*",".vuepress/dist",".yarn",".yarn-integrity",".yarn/build-state.yml",".yarn/cache",".yarn/install-state.gz",".yarn/unplugged",".yarnrc","Icon","Network Trash Folder","Temporary Items","Thumbs.db","Thumbs.db:encryptable","[Dd]esktop.ini","_generated","bower_components","build","build/Release","coverage","dist","ehthumbs.db","ehthumbs_vista.db","jspm_packages/","lerna-debug.log*","lib-cov","logs","node_modules/","npm-debug.log*","out","package-lock.json","pids","report.[0-9]*.[0-9]*.[0-9]*.[0-9]*.json","web_modules/","yarn-debug.log*","yarn-error.log*","yarn.lock"],"agent":"cosine-vscode","version":"1.1.2","package":"@cosine/analytics"}
INFO [2023-11-17T15:53:06.988Z]: question_start
INFO [2023-11-17T15:53:06.988Z]: {"prompt":"Can you convert these if statements into switch?","agent":"cosine-vscode","version":"1.1.2","package":"@cosine/analytics"}
INFO [2023-11-17T15:53:30.486Z]: question_success
INFO [2023-11-17T15:53:30.486Z]: {"prompt":"Can you convert these if statements into switch?","agent":"cosine-vscode","version":"1.1.2","package":"@cosine/analytics"}
INFO [2023-11-17T15:53:56.424Z]: question_start
INFO [2023-11-17T15:53:56.424Z]: {"prompt":"Can you do the rest of the cases?","agent":"cosine-vscode","version":"1.1.2","package":"@cosine/analytics"}
INFO [2023-11-17T15:54:33.015Z]: question_success
INFO [2023-11-17T15:54:33.016Z]: {"prompt":"Can you do the rest of the cases?","agent":"cosine-vscode","version":"1.1.2","package":"@cosine/analytics"}
INFO [2023-11-17T15:54:53.970Z]: question_start
INFO [2023-11-17T15:54:53.970Z]: {"prompt":"Yeah, can you continue where you had to end it?","agent":"cosine-vscode","version":"1.1.2","package":"@cosine/analytics"}
INFO [2023-11-17T15:55:21.328Z]: question_success
INFO [2023-11-17T15:55:21.329Z]: {"prompt":"Yeah, can you continue where you had to end it?","agent":"cosine-vscode","version":"1.1.2","package":"@cosine/analytics"}
INFO [2023-11-17T15:56:03.061Z]: question_start
INFO [2023-11-17T15:56:03.061Z]: {"prompt":"Can you continue from there? Also, write more code, less comments about it.","agent":"cosine-vscode","version":"1.1.2","package":"@cosine/analytics"}
INFO [2023-11-17T15:56:43.792Z]: question_success
INFO [2023-11-17T15:56:43.792Z]: {"prompt":"Can you continue from there? Also, write more code, less comments about it.","agent":"cosine-vscode","version":"1.1.2","package":"@cosine/analytics"}
INFO [2023-11-17T15:57:20.306Z]: project_reinitialize_start
INFO [2023-11-17T15:57:20.306Z]: {"agent":"cosine-vscode","version":"1.1.2","package":"@cosine/analytics"}
INFO [2023-11-17T15:57:21.584Z]: project_reinitialize_success
INFO [2023-11-17T15:57:21.584Z]: {"agent":"cosine-vscode","version":"1.1.2","package":"@cosine/analytics"}
INFO [2023-11-17T15:57:50.659Z]: project_reinitialize_start
INFO [2023-11-17T15:57:50.659Z]: {"agent":"cosine-vscode","version":"1.1.2","package":"@cosine/analytics"}
INFO [2023-11-17T15:57:51.769Z]: project_reinitialize_success
INFO [2023-11-17T15:57:51.770Z]: {"agent":"cosine-vscode","version":"1.1.2","package":"@cosine/analytics"}
INFO [2023-11-17T15:58:05.154Z]: project_reinitialize_start
INFO [2023-11-17T15:58:05.154Z]: {"agent":"cosine-vscode","version":"1.1.2","package":"@cosine/analytics"}
INFO [2023-11-17T15:58:07.693Z]: project_reinitialize_success
INFO [2023-11-17T15:58:07.694Z]: {"agent":"cosine-vscode","version":"1.1.2","package":"@cosine/analytics"}
INFO [2023-11-17T15:58:11.468Z]: project_reinitialize_start
INFO [2023-11-17T15:58:11.468Z]: {"agent":"cosine-vscode","version":"1.1.2","package":"@cosine/analytics"}
INFO [2023-11-17T15:58:11.554Z]: project_reinitialize_start
INFO [2023-11-17T15:58:11.554Z]: {"agent":"cosine-vscode","version":"1.1.2","package":"@cosine/analytics"}
INFO [2023-11-17T15:58:13.994Z]: project_reinitialize_start
INFO [2023-11-17T15:58:13.994Z]: {"agent":"cosine-vscode","version":"1.1.2","package":"@cosine/analytics"}
INFO [2023-11-17T15:58:14.011Z]: project_reinitialize_start
INFO [2023-11-17T15:58:14.011Z]: {"agent":"cosine-vscode","version":"1.1.2","package":"@cosine/analytics"}
INFO [2023-11-17T15:58:14.277Z]: project_reinitialize_success
INFO [2023-11-17T15:58:14.277Z]: {"agent":"cosine-vscode","version":"1.1.2","package":"@cosine/analytics"}
INFO [2023-11-17T15:58:16.765Z]: project_reinitialize_success
INFO [2023-11-17T15:58:16.766Z]: {"agent":"cosine-vscode","version":"1.1.2","package":"@cosine/analytics"}
INFO [2023-11-17T15:58:17.345Z]: project_reinitialize_success
INFO [2023-11-17T15:58:17.346Z]: {"agent":"cosine-vscode","version":"1.1.2","package":"@cosine/analytics"}
INFO [2023-11-17T15:58:17.994Z]: project_reinitialize_success
INFO [2023-11-17T15:58:17.995Z]: {"agent":"cosine-vscode","version":"1.1.2","package":"@cosine/analytics"}
INFO [2023-11-17T15:58:45.206Z]: project_reinitialize_start
INFO [2023-11-17T15:58:45.207Z]: {"agent":"cosine-vscode","version":"1.1.2","package":"@cosine/analytics"}
INFO [2023-11-17T15:58:47.252Z]: project_reinitialize_start
INFO [2023-11-17T15:58:47.252Z]: {"agent":"cosine-vscode","version":"1.1.2","package":"@cosine/analytics"}
INFO [2023-11-17T15:58:47.448Z]: project_reinitialize_success
INFO [2023-11-17T15:58:47.449Z]: {"agent":"cosine-vscode","version":"1.1.2","package":"@cosine/analytics"}
INFO [2023-11-17T15:58:49.517Z]: project_reinitialize_success
INFO [2023-11-17T15:58:49.517Z]: {"agent":"cosine-vscode","version":"1.1.2","package":"@cosine/analytics"}
INFO [2023-11-17T15:58:54.134Z]: project_reinitialize_start
INFO [2023-11-17T15:58:54.134Z]: {"agent":"cosine-vscode","version":"1.1.2","package":"@cosine/analytics"}
INFO [2023-11-17T15:58:55.515Z]: project_reinitialize_success
INFO [2023-11-17T15:58:55.515Z]: {"agent":"cosine-vscode","version":"1.1.2","package":"@cosine/analytics"}
INFO [2023-11-17T15:58:58.791Z]: project_reinitialize_start
INFO [2023-11-17T15:58:58.791Z]: {"agent":"cosine-vscode","version":"1.1.2","package":"@cosine/analytics"}
INFO [2023-11-17T15:58:59.452Z]: project_reinitialize_start
INFO [2023-11-17T15:58:59.453Z]: {"agent":"cosine-vscode","version":"1.1.2","package":"@cosine/analytics"}
INFO [2023-11-17T15:59:03.248Z]: project_reinitialize_start
INFO [2023-11-17T15:59:03.249Z]: {"agent":"cosine-vscode","version":"1.1.2","package":"@cosine/analytics"}
INFO [2023-11-17T15:59:03.294Z]: project_reinitialize_start
INFO [2023-11-17T15:59:03.294Z]: {"agent":"cosine-vscode","version":"1.1.2","package":"@cosine/analytics"}
INFO [2023-11-17T15:59:03.808Z]: project_reinitialize_success
INFO [2023-11-17T15:59:03.809Z]: {"agent":"cosine-vscode","version":"1.1.2","package":"@cosine/analytics"}
INFO [2023-11-17T15:59:05.776Z]: project_reinitialize_start
INFO [2023-11-17T15:59:05.776Z]: {"agent":"cosine-vscode","version":"1.1.2","package":"@cosine/analytics"}
INFO [2023-11-17T15:59:05.917Z]: project_reinitialize_success
INFO [2023-11-17T15:59:05.917Z]: {"agent":"cosine-vscode","version":"1.1.2","package":"@cosine/analytics"}
INFO [2023-11-17T15:59:07.548Z]: project_reinitialize_success
INFO [2023-11-17T15:59:07.548Z]: {"agent":"cosine-vscode","version":"1.1.2","package":"@cosine/analytics"}
INFO [2023-11-17T15:59:08.188Z]: project_reinitialize_success
INFO [2023-11-17T15:59:08.188Z]: {"agent":"cosine-vscode","version":"1.1.2","package":"@cosine/analytics"}
INFO [2023-11-17T15:59:08.779Z]: project_reinitialize_success
INFO [2023-11-17T15:59:08.779Z]: {"agent":"cosine-vscode","version":"1.1.2","package":"@cosine/analytics"}
INFO [2023-11-17T16:02:30.091Z]: Set User: pastowskiphilipp635@gmail.com
INFO [2023-11-17T16:02:30.091Z]: {"Telemetry":true}
INFO [2023-11-17T16:02:30.699Z]: project_reinitialize_start
INFO [2023-11-17T16:02:30.700Z]: {"agent":"cosine-vscode","version":"1.1.2","package":"@cosine/analytics"}
INFO [2023-11-17T16:02:30.705Z]: extension_initialized
INFO [2023-11-17T16:02:30.705Z]: {"timeToInit":10283,"agent":"cosine-vscode","version":"1.1.2","package":"@cosine/analytics"}
INFO [2023-11-17T16:02:31.509Z]: project_reinitialize_success
INFO [2023-11-17T16:02:31.510Z]: {"agent":"cosine-vscode","version":"1.1.2","package":"@cosine/analytics"}