
INFO [2023-10-25T12:05:26.452Z]: conversation: 5ee78bf4-adff-4711-abc1-b4edae04ccda
INFO [2023-10-25T12:05:26.936Z]: conversation: 5ee78bf4-adff-4711-abc1-b4edae04ccda
INFO [2023-10-25T12:05:36.843Z]: converstation: 5ee78bf4-adff-4711-abc1-b4edae04ccda
INFO [2023-10-25T12:05:38.279Z]: conversation: 5ee78bf4-adff-4711-abc1-b4edae04ccda
INFO [2023-10-25T12:07:40.020Z]: conversation: 5ee78bf4-adff-4711-abc1-b4edae04ccda
INFO [2023-10-25T12:07:41.172Z]: conversation: 5ee78bf4-adff-4711-abc1-b4edae04ccda
INFO [2023-10-25T12:07:41.174Z]: conversation: 5ee78bf4-adff-4711-abc1-b4edae04ccda
INFO [2023-10-25T12:07:42.725Z]: ideate: 5672313d-11ef-4373-962f-32c71b4b92c6
INFO [2023-10-25T12:07:42.727Z]: ideate: 5672313d-11ef-4373-962f-32c71b4b92c6
INFO [2023-10-25T12:07:44.037Z]: ideate: 5672313d-11ef-4373-962f-32c71b4b92c6
INFO [2023-10-25T12:07:44.037Z]: ideate: 5672313d-11ef-4373-962f-32c71b4b92c6
INFO [2023-10-25T12:07:45.450Z]: relevant-code: 505c83c4-2046-4a6c-b68a-276d3ebe97ec
INFO [2023-10-25T12:07:45.496Z]: relevant-code: 505c83c4-2046-4a6c-b68a-276d3ebe97ec
INFO [2023-10-25T12:07:45.833Z]: relevant-code: 505c83c4-2046-4a6c-b68a-276d3ebe97ec
INFO [2023-10-25T12:07:45.836Z]: conversation: 5ee78bf4-adff-4711-abc1-b4edae04ccda
INFO [2023-10-25T12:07:46.268Z]: relevant-code: 505c83c4-2046-4a6c-b68a-276d3ebe97ec
INFO [2023-10-25T12:07:46.322Z]: relevant-code: 505c83c4-2046-4a6c-b68a-276d3ebe97ec
INFO [2023-10-25T12:07:48.459Z]: relevant-code: 505c83c4-2046-4a6c-b68a-276d3ebe97ec
INFO [2023-10-25T12:07:48.460Z]: relevant-code: 505c83c4-2046-4a6c-b68a-276d3ebe97ec
INFO [2023-10-25T12:07:49.304Z]: chunked-data-collection: components..
INFO [2023-10-25T12:07:51.742Z]: relevant-code: 505c83c4-2046-4a6c-b68a-276d3ebe97ec
INFO [2023-10-25T12:07:52.004Z]: relevant-code: 505c83c4-2046-4a6c-b68a-276d3ebe97ec
INFO [2023-10-25T12:07:52.017Z]: relevant-code: 505c83c4-2046-4a6c-b68a-276d3ebe97ec
INFO [2023-10-25T12:07:52.145Z]: relevant-code: 505c83c4-2046-4a6c-b68a-276d3ebe97ec
INFO [2023-10-25T12:07:52.157Z]: relevant-code: 505c83c4-2046-4a6c-b68a-276d3ebe97ec
INFO [2023-10-25T12:07:52.355Z]: relevant-code: 505c83c4-2046-4a6c-b68a-276d3ebe97ec
INFO [2023-10-25T12:07:52.358Z]: relevant-code: 505c83c4-2046-4a6c-b68a-276d3ebe97ec
INFO [2023-10-25T12:07:52.495Z]: relevant-code: 505c83c4-2046-4a6c-b68a-276d3ebe97ec
INFO [2023-10-25T12:07:52.507Z]: relevant-code: 505c83c4-2046-4a6c-b68a-276d3ebe97ec
INFO [2023-10-25T12:07:52.696Z]: relevant-code: 505c83c4-2046-4a6c-b68a-276d3ebe97ec
INFO [2023-10-25T12:07:53.131Z]: relevant-code: 505c83c4-2046-4a6c-b68a-276d3ebe97ec
INFO [2023-10-25T12:07:53.132Z]: relevant-code: 505c83c4-2046-4a6c-b68a-276d3ebe97ec
INFO [2023-10-25T12:07:53.940Z]: chunked-data-collection: components..
INFO [2023-10-25T12:07:56.616Z]: relevant-code: 505c83c4-2046-4a6c-b68a-276d3ebe97ec
INFO [2023-10-25T12:07:56.640Z]: relevant-code: 505c83c4-2046-4a6c-b68a-276d3ebe97ec
INFO [2023-10-25T12:07:56.702Z]: relevant-code: 505c83c4-2046-4a6c-b68a-276d3ebe97ec
INFO [2023-10-25T12:07:56.745Z]: relevant-code: 505c83c4-2046-4a6c-b68a-276d3ebe97ec
INFO [2023-10-25T12:07:56.880Z]: relevant-code: 505c83c4-2046-4a6c-b68a-276d3ebe97ec
INFO [2023-10-25T12:07:56.928Z]: relevant-code: 505c83c4-2046-4a6c-b68a-276d3ebe97ec
INFO [2023-10-25T12:07:57.121Z]: relevant-code: 505c83c4-2046-4a6c-b68a-276d3ebe97ec
INFO [2023-10-25T12:07:57.287Z]: relevant-code: 505c83c4-2046-4a6c-b68a-276d3ebe97ec
INFO [2023-10-25T12:07:57.344Z]: relevant-code: 505c83c4-2046-4a6c-b68a-276d3ebe97ec
INFO [2023-10-25T12:07:59.139Z]: relevant-code: 505c83c4-2046-4a6c-b68a-276d3ebe97ec
INFO [2023-10-25T12:08:16.012Z]: relevant-code: 505c83c4-2046-4a6c-b68a-276d3ebe97ec
INFO [2023-10-25T12:08:16.013Z]: relevant-code: 505c83c4-2046-4a6c-b68a-276d3ebe97ec
INFO [2023-10-25T12:08:16.889Z]: chunked-data-collection: components..
INFO [2023-10-25T12:08:19.883Z]: relevant-code: 505c83c4-2046-4a6c-b68a-276d3ebe97ec
INFO [2023-10-25T12:08:19.886Z]: relevant-code: 505c83c4-2046-4a6c-b68a-276d3ebe97ec
INFO [2023-10-25T12:08:20.235Z]: relevant-code: 505c83c4-2046-4a6c-b68a-276d3ebe97ec
INFO [2023-10-25T12:08:20.493Z]: relevant-code: 505c83c4-2046-4a6c-b68a-276d3ebe97ec
INFO [2023-10-25T12:08:20.511Z]: relevant-code: 505c83c4-2046-4a6c-b68a-276d3ebe97ec
INFO [2023-10-25T12:08:20.762Z]: relevant-code: 505c83c4-2046-4a6c-b68a-276d3ebe97ec
INFO [2023-10-25T12:08:20.863Z]: relevant-code: 505c83c4-2046-4a6c-b68a-276d3ebe97ec
INFO [2023-10-25T12:08:20.908Z]: relevant-code: 505c83c4-2046-4a6c-b68a-276d3ebe97ec
INFO [2023-10-25T12:08:20.938Z]: relevant-code: 505c83c4-2046-4a6c-b68a-276d3ebe97ec
INFO [2023-10-25T12:08:21.167Z]: relevant-code: 505c83c4-2046-4a6c-b68a-276d3ebe97ec
INFO [2023-10-25T12:08:22.133Z]: read-file: 1d4623e6-f228-4aa5-97f8-625604c551b7
INFO [2023-10-25T12:08:53.935Z]: ideate: 5672313d-11ef-4373-962f-32c71b4b92c6
INFO [2023-10-25T12:08:53.952Z]: conversation: 5ee78bf4-adff-4711-abc1-b4edae04ccda
INFO [2023-10-25T12:11:56.757Z]: conversation: 5ee78bf4-adff-4711-abc1-b4edae04ccda
INFO [2023-10-25T12:11:57.716Z]: conversation: 5ee78bf4-adff-4711-abc1-b4edae04ccda
INFO [2023-10-25T12:12:06.296Z]: conversation: 5ee78bf4-adff-4711-abc1-b4edae04ccda
INFO [2023-10-25T12:12:15.770Z]: converstation: 5ee78bf4-adff-4711-abc1-b4edae04ccda
INFO [2023-10-25T12:12:16.751Z]: conversation: 5ee78bf4-adff-4711-abc1-b4edae04ccda
INFO [2023-10-25T12:21:16.199Z]: conversation: 5ee78bf4-adff-4711-abc1-b4edae04ccda
INFO [2023-10-25T12:21:16.869Z]: conversation: 5ee78bf4-adff-4711-abc1-b4edae04ccda
INFO [2023-10-25T12:21:16.870Z]: conversation: 5ee78bf4-adff-4711-abc1-b4edae04ccda
INFO [2023-10-25T12:21:17.368Z]: user-context: 1216f9e1-97b4-4270-b695-80ad3d2c6254
INFO [2023-10-25T12:21:17.790Z]: conversation: 5ee78bf4-adff-4711-abc1-b4edae04ccda
INFO [2023-10-25T12:21:23.811Z]: conversation: 5ee78bf4-adff-4711-abc1-b4edae04ccda
INFO [2023-10-25T12:21:26.246Z]: conversation: 5ee78bf4-adff-4711-abc1-b4edae04ccda
INFO [2023-10-25T12:21:28.405Z]: conversation: 5ee78bf4-adff-4711-abc1-b4edae04ccda
INFO [2023-10-25T12:21:36.869Z]: converstation: 5ee78bf4-adff-4711-abc1-b4edae04ccda
INFO [2023-10-25T12:21:38.250Z]: conversation: 5ee78bf4-adff-4711-abc1-b4edae04ccda
INFO [2023-10-25T12:21:38.501Z]: conversation: 5ee78bf4-adff-4711-abc1-b4edae04ccda
INFO [2023-10-25T12:22:23.294Z]: conversation: 5ee78bf4-adff-4711-abc1-b4edae04ccda
INFO [2023-10-25T12:22:24.183Z]: conversation: 5ee78bf4-adff-4711-abc1-b4edae04ccda
INFO [2023-10-25T12:22:30.396Z]: conversation: 5ee78bf4-adff-4711-abc1-b4edae04ccda
INFO [2023-10-25T12:22:43.458Z]: converstation: 5ee78bf4-adff-4711-abc1-b4edae04ccda
INFO [2023-10-25T12:22:43.726Z]: conversation: 5ee78bf4-adff-4711-abc1-b4edae04ccda
INFO [2023-10-30T15:35:56.213Z]: conversation: 01b7ea1a-e826-4bb4-8a95-3959f6059217
INFO [2023-10-30T15:35:57.099Z]: conversation: 01b7ea1a-e826-4bb4-8a95-3959f6059217
INFO [2023-10-30T15:35:57.100Z]: conversation: 01b7ea1a-e826-4bb4-8a95-3959f6059217
INFO [2023-10-30T15:35:58.256Z]: conversation: 01b7ea1a-e826-4bb4-8a95-3959f6059217
INFO [2023-10-30T15:36:25.955Z]: conversation: 01b7ea1a-e826-4bb4-8a95-3959f6059217
INFO [2023-10-30T15:36:31.190Z]: conversation: abcafba9-b1b8-4207-9821-c888b59022ed
INFO [2023-10-30T15:36:31.836Z]: conversation: abcafba9-b1b8-4207-9821-c888b59022ed
INFO [2023-10-30T15:36:56.697Z]: converstation: abcafba9-b1b8-4207-9821-c888b59022ed
INFO [2023-10-30T15:36:56.839Z]: conversation: abcafba9-b1b8-4207-9821-c888b59022ed
INFO [2023-10-30T15:51:41.933Z]: conversation: abcafba9-b1b8-4207-9821-c888b59022ed
INFO [2023-10-30T15:51:42.547Z]: conversation: abcafba9-b1b8-4207-9821-c888b59022ed
INFO [2023-10-30T15:51:56.595Z]: conversation: abcafba9-b1b8-4207-9821-c888b59022ed
INFO [2023-10-30T15:52:05.788Z]: converstation: abcafba9-b1b8-4207-9821-c888b59022ed
INFO [2023-10-30T15:52:09.247Z]: conversation: abcafba9-b1b8-4207-9821-c888b59022ed
INFO [2023-10-30T15:54:49.939Z]: conversation: abcafba9-b1b8-4207-9821-c888b59022ed
INFO [2023-10-30T15:54:50.592Z]: conversation: abcafba9-b1b8-4207-9821-c888b59022ed
INFO [2023-10-30T15:55:02.342Z]: conversation: abcafba9-b1b8-4207-9821-c888b59022ed
INFO [2023-10-30T15:55:09.777Z]: converstation: abcafba9-b1b8-4207-9821-c888b59022ed
INFO [2023-10-30T15:55:09.844Z]: conversation: abcafba9-b1b8-4207-9821-c888b59022ed
INFO [2023-10-30T15:55:58.188Z]: conversation: abcafba9-b1b8-4207-9821-c888b59022ed
INFO [2023-10-30T15:55:58.938Z]: conversation: abcafba9-b1b8-4207-9821-c888b59022ed
INFO [2023-10-30T15:56:10.855Z]: conversation: abcafba9-b1b8-4207-9821-c888b59022ed
INFO [2023-10-30T15:56:19.671Z]: converstation: abcafba9-b1b8-4207-9821-c888b59022ed
INFO [2023-10-30T15:56:19.749Z]: conversation: abcafba9-b1b8-4207-9821-c888b59022ed
INFO [2023-10-30T15:59:42.765Z]: conversation: abcafba9-b1b8-4207-9821-c888b59022ed
INFO [2023-10-30T15:59:43.470Z]: conversation: abcafba9-b1b8-4207-9821-c888b59022ed
INFO [2023-10-30T15:59:59.653Z]: conversation: abcafba9-b1b8-4207-9821-c888b59022ed
INFO [2023-10-30T16:00:00.673Z]: converstation: abcafba9-b1b8-4207-9821-c888b59022ed
INFO [2023-10-30T16:00:00.812Z]: conversation: abcafba9-b1b8-4207-9821-c888b59022ed
INFO [2023-10-30T16:02:00.364Z]: conversation: abcafba9-b1b8-4207-9821-c888b59022ed
INFO [2023-10-30T16:02:01.045Z]: conversation: abcafba9-b1b8-4207-9821-c888b59022ed
INFO [2023-10-30T16:02:14.020Z]: conversation: abcafba9-b1b8-4207-9821-c888b59022ed
INFO [2023-10-30T16:02:14.223Z]: converstation: abcafba9-b1b8-4207-9821-c888b59022ed
INFO [2023-10-30T16:02:14.385Z]: conversation: abcafba9-b1b8-4207-9821-c888b59022ed
INFO [2023-10-30T16:05:14.707Z]: conversation: abcafba9-b1b8-4207-9821-c888b59022ed
INFO [2023-10-30T16:05:15.418Z]: conversation: abcafba9-b1b8-4207-9821-c888b59022ed
INFO [2023-10-30T16:05:33.526Z]: conversation: abcafba9-b1b8-4207-9821-c888b59022ed
INFO [2023-10-30T16:05:37.516Z]: converstation: abcafba9-b1b8-4207-9821-c888b59022ed
INFO [2023-10-30T16:05:37.648Z]: conversation: abcafba9-b1b8-4207-9821-c888b59022ed
INFO [2023-10-30T16:10:04.201Z]: conversation: abcafba9-b1b8-4207-9821-c888b59022ed
INFO [2023-10-30T16:10:04.891Z]: conversation: abcafba9-b1b8-4207-9821-c888b59022ed
INFO [2023-10-30T16:10:19.488Z]: conversation: abcafba9-b1b8-4207-9821-c888b59022ed
INFO [2023-10-30T16:10:27.568Z]: converstation: abcafba9-b1b8-4207-9821-c888b59022ed
INFO [2023-10-30T16:10:27.638Z]: conversation: abcafba9-b1b8-4207-9821-c888b59022ed
INFO [2023-10-30T16:11:33.875Z]: conversation: abcafba9-b1b8-4207-9821-c888b59022ed
INFO [2023-10-30T16:11:34.614Z]: conversation: abcafba9-b1b8-4207-9821-c888b59022ed
INFO [2023-10-30T16:11:48.614Z]: conversation: abcafba9-b1b8-4207-9821-c888b59022ed
INFO [2023-10-30T16:11:56.037Z]: converstation: abcafba9-b1b8-4207-9821-c888b59022ed
INFO [2023-10-30T16:11:56.105Z]: conversation: abcafba9-b1b8-4207-9821-c888b59022ed
INFO [2023-10-30T16:15:01.020Z]: conversation: abcafba9-b1b8-4207-9821-c888b59022ed
INFO [2023-10-30T16:15:01.647Z]: conversation: abcafba9-b1b8-4207-9821-c888b59022ed
INFO [2023-10-30T16:15:15.663Z]: conversation: abcafba9-b1b8-4207-9821-c888b59022ed
INFO [2023-10-30T16:15:24.397Z]: converstation: abcafba9-b1b8-4207-9821-c888b59022ed
INFO [2023-10-30T16:15:25.664Z]: conversation: abcafba9-b1b8-4207-9821-c888b59022ed
INFO [2023-10-30T16:16:19.400Z]: conversation: abcafba9-b1b8-4207-9821-c888b59022ed
INFO [2023-10-30T16:16:20.123Z]: conversation: abcafba9-b1b8-4207-9821-c888b59022ed
INFO [2023-10-30T16:16:31.836Z]: conversation: abcafba9-b1b8-4207-9821-c888b59022ed
INFO [2023-10-30T16:16:40.483Z]: conversation: abcafba9-b1b8-4207-9821-c888b59022ed
INFO [2023-10-30T16:16:51.941Z]: conversation: abcafba9-b1b8-4207-9821-c888b59022ed
INFO [2023-10-30T16:16:52.529Z]: conversation: abcafba9-b1b8-4207-9821-c888b59022ed
INFO [2023-10-30T16:17:05.013Z]: conversation: abcafba9-b1b8-4207-9821-c888b59022ed