
INFO [2023-11-17T13:07:40.669Z]: Preparing to initialize extension
INFO [2023-11-17T13:07:52.631Z]: Registering flag observer
INFO [2023-11-17T13:07:52.631Z]: Navigating to loading page
INFO [2023-11-17T13:07:52.631Z]: Navigation
INFO [2023-11-17T13:07:52.631Z]: {"page":"/loading"}
INFO [2023-11-17T13:07:52.632Z]: Initializing workspace controller
INFO [2023-11-17T13:07:55.665Z]: Creating URI handler
INFO [2023-11-17T13:07:55.665Z]: Getting auth service props
INFO [2023-11-17T13:07:55.669Z]: Creating auth service
INFO [2023-11-17T13:07:55.669Z]: Setting network auth service
INFO [2023-11-17T13:07:55.669Z]: Creating context store
INFO [2023-11-17T13:07:55.669Z]: Creating engine
INFO [2023-11-17T13:07:55.669Z]: Creating sql db
ERROR [2023-11-17T13:08:06.959Z]: Failed to initialize plugin in 15 seconds
ERROR [2023-11-17T13:08:06.961Z]: {"numberOfFiles":29}
INFO [2023-11-17T13:08:13.939Z]: Creating vector db
INFO [2023-11-17T13:08:13.940Z]: Creating config manager
INFO [2023-11-17T13:08:16.203Z]: Get languages
INFO [2023-11-17T13:08:16.204Z]: Reading ALL files
INFO [2023-11-17T13:08:17.128Z]: Get Overview
INFO [2023-11-17T13:08:17.128Z]: Creating code parser
INFO [2023-11-17T13:08:17.129Z]: Creating code index
INFO [2023-11-17T13:08:17.132Z]: Creating graphs
INFO [2023-11-17T13:08:17.132Z]: Creating tagger
INFO [2023-11-17T13:08:17.132Z]: Creating semantic
INFO [2023-11-17T13:08:17.132Z]: Creating keyword
INFO [2023-11-17T13:08:17.133Z]: Creating file search
INFO [2023-11-17T13:08:17.133Z]: Initializing engine
INFO [2023-11-17T13:08:22.578Z]: [CodeTagger.init] Initializing
INFO [2023-11-17T13:08:22.766Z]: Initializing history service
INFO [2023-11-17T13:08:22.769Z]: Creating project bot props
INFO [2023-11-17T13:08:22.769Z]: Creating plan service
INFO [2023-11-17T13:08:22.769Z]: Creating terms service
INFO [2023-11-17T13:08:22.769Z]: Creating auth controller
INFO [2023-11-17T13:08:22.769Z]: Initializing auth controller
INFO [2023-11-17T13:08:22.778Z]: Checking auth
INFO [2023-11-17T13:08:24.918Z]: Set User: 2AI2X7dmk1ZGODgXjuGnNWZ0uKA2
INFO [2023-11-17T13:08:24.980Z]: Creating plan controller
INFO [2023-11-17T13:08:24.980Z]: Initializing plan controller
INFO [2023-11-17T13:08:26.275Z]: Creating status controller
INFO [2023-11-17T13:08:26.275Z]: Creating chat bot
INFO [2023-11-17T13:08:26.277Z]: Creating git service
INFO [2023-11-17T13:08:26.277Z]: Creating user context
INFO [2023-11-17T13:08:26.277Z]: Creating search controller
INFO [2023-11-17T13:08:26.278Z]: Initializing search controller
INFO [2023-11-17T13:08:26.308Z]: Creating index controller
INFO [2023-11-17T13:08:26.309Z]: Initializing index controller
INFO [2023-11-17T13:08:26.309Z]: Creating migrate controller
INFO [2023-11-17T13:08:26.309Z]: Initializing migrate controller
INFO [2023-11-17T13:08:26.309Z]: Creating settings controller
INFO [2023-11-17T13:08:26.310Z]: Initializing settings controller
INFO [2023-11-17T13:08:26.310Z]: Creating navigation controller
INFO [2023-11-17T13:08:26.310Z]: Initializing navigation controller
INFO [2023-11-17T13:08:26.311Z]: Registering auth service with auth controller
INFO [2023-11-17T13:08:26.311Z]: Calculating navigation
INFO [2023-11-17T13:08:26.313Z]: Navigation
INFO [2023-11-17T13:08:26.313Z]: {"page":"/disabled"}
INFO [2023-11-17T13:08:26.317Z]: Fully initialized!
INFO [2023-11-17T13:08:26.336Z]: extension_initialized
INFO [2023-11-17T13:08:26.336Z]: {"timeToInit":45649}
INFO [2023-11-17T15:48:03.471Z]: Preparing to initialize extension
INFO [2023-11-17T15:48:04.476Z]: Registering flag observer
INFO [2023-11-17T15:48:04.477Z]: Navigating to loading page
INFO [2023-11-17T15:48:04.477Z]: Navigation
INFO [2023-11-17T15:48:04.477Z]: {"page":"/loading"}
INFO [2023-11-17T15:48:04.477Z]: Initializing workspace controller
INFO [2023-11-17T15:48:04.479Z]: Creating URI handler
INFO [2023-11-17T15:48:04.479Z]: Getting auth service props
INFO [2023-11-17T15:48:04.480Z]: Creating auth service
INFO [2023-11-17T15:48:04.481Z]: Setting network auth service
INFO [2023-11-17T15:48:04.481Z]: Creating context store
INFO [2023-11-17T15:48:04.481Z]: Creating engine
INFO [2023-11-17T15:48:04.481Z]: Creating sql db
INFO [2023-11-17T15:48:04.575Z]: Creating vector db
INFO [2023-11-17T15:48:04.575Z]: Creating config manager
INFO [2023-11-17T15:48:04.580Z]: Get languages
INFO [2023-11-17T15:48:04.581Z]: Reading ALL files
INFO [2023-11-17T15:48:04.583Z]: Get Overview
INFO [2023-11-17T15:48:04.584Z]: Creating code parser
INFO [2023-11-17T15:48:04.584Z]: Creating code index
INFO [2023-11-17T15:48:04.585Z]: Creating graphs
INFO [2023-11-17T15:48:04.585Z]: Creating tagger
INFO [2023-11-17T15:48:04.586Z]: Creating semantic
INFO [2023-11-17T15:48:04.586Z]: Creating keyword
INFO [2023-11-17T15:48:04.586Z]: Creating file search
INFO [2023-11-17T15:48:04.586Z]: Initializing engine
INFO [2023-11-17T15:48:04.751Z]: [CodeTagger.init] Initializing
INFO [2023-11-17T15:48:04.755Z]: Initializing history service
INFO [2023-11-17T15:48:04.755Z]: Creating project bot props
INFO [2023-11-17T15:48:04.755Z]: Creating plan service
INFO [2023-11-17T15:48:04.755Z]: Creating terms service
INFO [2023-11-17T15:48:04.755Z]: Creating auth controller
INFO [2023-11-17T15:48:04.756Z]: Initializing auth controller
INFO [2023-11-17T15:48:04.760Z]: Checking auth
INFO [2023-11-17T15:48:05.715Z]: Set User: 2AI2X7dmk1ZGODgXjuGnNWZ0uKA2
INFO [2023-11-17T15:48:05.726Z]: Creating plan controller
INFO [2023-11-17T15:48:05.727Z]: Initializing plan controller
INFO [2023-11-17T15:48:06.184Z]: Creating status controller
INFO [2023-11-17T15:48:06.185Z]: Creating chat bot
INFO [2023-11-17T15:48:06.186Z]: Creating git service
INFO [2023-11-17T15:48:06.187Z]: Creating user context
INFO [2023-11-17T15:48:06.187Z]: Creating search controller
INFO [2023-11-17T15:48:06.188Z]: Initializing search controller
INFO [2023-11-17T15:48:06.193Z]: Creating index controller
INFO [2023-11-17T15:48:06.193Z]: Initializing index controller
INFO [2023-11-17T15:48:06.194Z]: Creating migrate controller
INFO [2023-11-17T15:48:06.194Z]: Initializing migrate controller
INFO [2023-11-17T15:48:06.194Z]: Creating settings controller
INFO [2023-11-17T15:48:06.194Z]: Initializing settings controller
INFO [2023-11-17T15:48:06.194Z]: Creating navigation controller
INFO [2023-11-17T15:48:06.194Z]: Initializing navigation controller
INFO [2023-11-17T15:48:06.194Z]: Registering auth service with auth controller
INFO [2023-11-17T15:48:06.194Z]: Calculating navigation
INFO [2023-11-17T15:48:06.260Z]: Navigation
INFO [2023-11-17T15:48:06.260Z]: {"page":"/initialize/project"}
INFO [2023-11-17T15:48:06.261Z]: Fully initialized!
INFO [2023-11-17T15:48:06.263Z]: extension_initialized
INFO [2023-11-17T15:48:06.263Z]: {"timeToInit":2791}
INFO [2023-11-17T15:48:06.313Z]: Reading ALL files
INFO [2023-11-17T15:48:44.406Z]: Preparing to initialize extension
INFO [2023-11-17T15:48:45.413Z]: Registering flag observer
INFO [2023-11-17T15:48:45.413Z]: Navigating to loading page
INFO [2023-11-17T15:48:45.413Z]: Navigation
INFO [2023-11-17T15:48:45.413Z]: {"page":"/loading"}
INFO [2023-11-17T15:48:45.413Z]: Initializing workspace controller
INFO [2023-11-17T15:48:45.544Z]: Creating URI handler
INFO [2023-11-17T15:48:45.544Z]: Getting auth service props
INFO [2023-11-17T15:48:45.547Z]: Creating auth service
INFO [2023-11-17T15:48:45.548Z]: Setting network auth service
INFO [2023-11-17T15:48:45.548Z]: Creating context store
INFO [2023-11-17T15:48:45.548Z]: Creating engine
INFO [2023-11-17T15:48:45.548Z]: Creating sql db
INFO [2023-11-17T15:48:52.868Z]: Creating vector db
INFO [2023-11-17T15:48:52.876Z]: Creating config manager
INFO [2023-11-17T15:48:53.007Z]: Get languages
INFO [2023-11-17T15:48:53.007Z]: Reading ALL files
INFO [2023-11-17T15:48:53.140Z]: Get Overview
INFO [2023-11-17T15:48:53.141Z]: Creating code parser
INFO [2023-11-17T15:48:53.141Z]: Creating code index
INFO [2023-11-17T15:48:53.142Z]: Creating graphs
INFO [2023-11-17T15:48:53.142Z]: Creating tagger
INFO [2023-11-17T15:48:53.142Z]: Creating semantic
INFO [2023-11-17T15:48:53.142Z]: Creating keyword
INFO [2023-11-17T15:48:53.142Z]: Creating file search
INFO [2023-11-17T15:48:53.143Z]: Initializing engine
INFO [2023-11-17T15:48:53.810Z]: [CodeTagger.init] Initializing
INFO [2023-11-17T15:48:53.857Z]: Initializing history service
INFO [2023-11-17T15:48:53.857Z]: Creating project bot props
INFO [2023-11-17T15:48:53.857Z]: Creating plan service
INFO [2023-11-17T15:48:53.857Z]: Creating terms service
INFO [2023-11-17T15:48:53.857Z]: Creating auth controller
INFO [2023-11-17T15:48:53.858Z]: Initializing auth controller
INFO [2023-11-17T15:48:53.860Z]: Checking auth
INFO [2023-11-17T15:48:54.833Z]: Set User: 2AI2X7dmk1ZGODgXjuGnNWZ0uKA2
INFO [2023-11-17T15:48:54.852Z]: Creating plan controller
INFO [2023-11-17T15:48:54.852Z]: Initializing plan controller
INFO [2023-11-17T15:48:55.334Z]: Creating status controller
INFO [2023-11-17T15:48:55.336Z]: Creating chat bot
INFO [2023-11-17T15:48:55.339Z]: Creating git service
INFO [2023-11-17T15:48:55.339Z]: Creating user context
INFO [2023-11-17T15:48:55.339Z]: Creating search controller
INFO [2023-11-17T15:48:55.340Z]: Initializing search controller
INFO [2023-11-17T15:48:55.364Z]: Creating index controller
INFO [2023-11-17T15:48:55.365Z]: Initializing index controller
INFO [2023-11-17T15:48:55.366Z]: Creating migrate controller
INFO [2023-11-17T15:48:55.367Z]: Initializing migrate controller
INFO [2023-11-17T15:48:55.367Z]: Creating settings controller
INFO [2023-11-17T15:48:55.367Z]: Initializing settings controller
INFO [2023-11-17T15:48:55.368Z]: Creating navigation controller
INFO [2023-11-17T15:48:55.368Z]: Initializing navigation controller
INFO [2023-11-17T15:48:55.371Z]: Registering auth service with auth controller
INFO [2023-11-17T15:48:55.371Z]: Calculating navigation
INFO [2023-11-17T15:48:55.435Z]: Navigation
INFO [2023-11-17T15:48:55.435Z]: {"page":"/initialize/project"}
INFO [2023-11-17T15:48:55.436Z]: Fully initialized!
INFO [2023-11-17T15:48:55.440Z]: extension_initialized
INFO [2023-11-17T15:48:55.440Z]: {"timeToInit":11031}
INFO [2023-11-17T15:48:55.483Z]: Reading ALL files
INFO [2023-11-17T15:49:49.588Z]: Preparing to initialize extension
INFO [2023-11-17T15:49:50.591Z]: Registering flag observer
INFO [2023-11-17T15:49:50.592Z]: Navigating to loading page
INFO [2023-11-17T15:49:50.592Z]: Navigation
INFO [2023-11-17T15:49:50.592Z]: {"page":"/loading"}
INFO [2023-11-17T15:49:50.592Z]: Initializing workspace controller
INFO [2023-11-17T15:49:50.629Z]: Creating URI handler
INFO [2023-11-17T15:49:50.629Z]: Getting auth service props
INFO [2023-11-17T15:49:50.631Z]: Creating auth service
INFO [2023-11-17T15:49:50.631Z]: Setting network auth service
INFO [2023-11-17T15:49:50.631Z]: Creating context store
INFO [2023-11-17T15:49:50.631Z]: Creating engine
INFO [2023-11-17T15:49:50.631Z]: Creating sql db
INFO [2023-11-17T15:49:50.797Z]: Creating vector db
INFO [2023-11-17T15:49:50.798Z]: Creating config manager
INFO [2023-11-17T15:49:50.806Z]: Get languages
INFO [2023-11-17T15:49:50.807Z]: Reading ALL files
INFO [2023-11-17T15:49:50.810Z]: Get Overview
INFO [2023-11-17T15:49:50.810Z]: Creating code parser
INFO [2023-11-17T15:49:50.811Z]: Creating code index
INFO [2023-11-17T15:49:50.811Z]: Creating graphs
INFO [2023-11-17T15:49:50.812Z]: Creating tagger
INFO [2023-11-17T15:49:50.812Z]: Creating semantic
INFO [2023-11-17T15:49:50.812Z]: Creating keyword
INFO [2023-11-17T15:49:50.812Z]: Creating file search
INFO [2023-11-17T15:49:50.812Z]: Initializing engine
INFO [2023-11-17T15:49:50.865Z]: [CodeTagger.init] Initializing
INFO [2023-11-17T15:49:50.867Z]: Initializing history service
INFO [2023-11-17T15:49:50.867Z]: Creating project bot props
INFO [2023-11-17T15:49:50.867Z]: Creating plan service
INFO [2023-11-17T15:49:50.867Z]: Creating terms service
INFO [2023-11-17T15:49:50.867Z]: Creating auth controller
INFO [2023-11-17T15:49:50.867Z]: Initializing auth controller
INFO [2023-11-17T15:49:50.868Z]: Checking auth
INFO [2023-11-17T15:49:54.344Z]: Set User: 2AI2X7dmk1ZGODgXjuGnNWZ0uKA2
INFO [2023-11-17T15:49:54.366Z]: Creating plan controller
INFO [2023-11-17T15:49:54.366Z]: Initializing plan controller
INFO [2023-11-17T15:49:58.807Z]: Creating status controller
INFO [2023-11-17T15:49:58.808Z]: Creating chat bot
INFO [2023-11-17T15:49:58.811Z]: Creating git service
INFO [2023-11-17T15:49:58.812Z]: Creating user context
INFO [2023-11-17T15:49:58.812Z]: Creating search controller
INFO [2023-11-17T15:49:58.813Z]: Initializing search controller
INFO [2023-11-17T15:49:58.829Z]: Creating index controller
INFO [2023-11-17T15:49:58.829Z]: Initializing index controller
INFO [2023-11-17T15:49:58.830Z]: Creating migrate controller
INFO [2023-11-17T15:49:58.830Z]: Initializing migrate controller
INFO [2023-11-17T15:49:58.830Z]: Creating settings controller
INFO [2023-11-17T15:49:58.831Z]: Initializing settings controller
INFO [2023-11-17T15:49:58.832Z]: Creating navigation controller
INFO [2023-11-17T15:49:58.832Z]: Initializing navigation controller
INFO [2023-11-17T15:49:58.833Z]: Registering auth service with auth controller
INFO [2023-11-17T15:49:58.833Z]: Calculating navigation
INFO [2023-11-17T15:49:59.566Z]: Navigation
INFO [2023-11-17T15:49:59.566Z]: {"page":"/initialize/project"}
INFO [2023-11-17T15:49:59.568Z]: Fully initialized!
INFO [2023-11-17T15:49:59.573Z]: extension_initialized
INFO [2023-11-17T15:49:59.573Z]: {"timeToInit":9981}
INFO [2023-11-17T15:49:59.736Z]: Reading ALL files
INFO [2023-11-17T15:50:41.323Z]: Preparing to initialize extension
INFO [2023-11-17T15:50:42.329Z]: Registering flag observer
INFO [2023-11-17T15:50:42.330Z]: Navigating to loading page
INFO [2023-11-17T15:50:42.330Z]: Navigation
INFO [2023-11-17T15:50:42.330Z]: {"page":"/loading"}
INFO [2023-11-17T15:50:42.330Z]: Initializing workspace controller
INFO [2023-11-17T15:50:42.333Z]: Creating URI handler
INFO [2023-11-17T15:50:42.333Z]: Getting auth service props
INFO [2023-11-17T15:50:42.336Z]: Creating auth service
INFO [2023-11-17T15:50:42.336Z]: Setting network auth service
INFO [2023-11-17T15:50:42.336Z]: Creating context store
INFO [2023-11-17T15:50:42.336Z]: Creating engine
INFO [2023-11-17T15:50:42.336Z]: Creating sql db
INFO [2023-11-17T15:50:50.910Z]: Creating vector db
INFO [2023-11-17T15:50:50.912Z]: Creating config manager
INFO [2023-11-17T15:50:51.042Z]: Get languages
INFO [2023-11-17T15:50:51.042Z]: Reading ALL files
INFO [2023-11-17T15:50:51.694Z]: Files: 30
INFO [2023-11-17T15:50:51.694Z]: Counting languages
INFO [2023-11-17T15:50:51.695Z]: Sorting languages
INFO [2023-11-17T15:50:51.696Z]: Get Overview
INFO [2023-11-17T15:50:51.697Z]: Creating code parser
INFO [2023-11-17T15:50:51.697Z]: Creating code index
INFO [2023-11-17T15:50:51.698Z]: Creating graphs
INFO [2023-11-17T15:50:51.698Z]: Creating tagger
INFO [2023-11-17T15:50:51.699Z]: Creating semantic
INFO [2023-11-17T15:50:51.699Z]: Creating keyword
INFO [2023-11-17T15:50:51.699Z]: Creating file search
INFO [2023-11-17T15:50:51.699Z]: Initializing engine
INFO [2023-11-17T15:50:51.875Z]: [CodeTagger.init] Initializing
INFO [2023-11-17T15:50:51.895Z]: Initializing history service
INFO [2023-11-17T15:50:51.895Z]: Creating project bot props
INFO [2023-11-17T15:50:51.895Z]: Creating plan service
INFO [2023-11-17T15:50:51.896Z]: Creating terms service
INFO [2023-11-17T15:50:51.896Z]: Creating auth controller
INFO [2023-11-17T15:50:51.896Z]: Initializing auth controller
INFO [2023-11-17T15:50:51.898Z]: Checking auth
INFO [2023-11-17T15:50:52.255Z]: Set User: 2AI2X7dmk1ZGODgXjuGnNWZ0uKA2
INFO [2023-11-17T15:50:52.281Z]: Creating plan controller
INFO [2023-11-17T15:50:52.282Z]: Initializing plan controller
INFO [2023-11-17T15:50:52.925Z]: Creating status controller
INFO [2023-11-17T15:50:52.926Z]: Creating chat bot
INFO [2023-11-17T15:50:52.929Z]: Creating git service
INFO [2023-11-17T15:50:52.929Z]: Creating user context
INFO [2023-11-17T15:50:52.929Z]: Creating search controller
INFO [2023-11-17T15:50:52.930Z]: Initializing search controller
INFO [2023-11-17T15:50:52.941Z]: Creating index controller
INFO [2023-11-17T15:50:52.941Z]: Initializing index controller
INFO [2023-11-17T15:50:52.942Z]: Creating migrate controller
INFO [2023-11-17T15:50:52.942Z]: Initializing migrate controller
INFO [2023-11-17T15:50:52.942Z]: Creating settings controller
INFO [2023-11-17T15:50:52.943Z]: Initializing settings controller
INFO [2023-11-17T15:50:52.944Z]: Creating navigation controller
INFO [2023-11-17T15:50:52.944Z]: Initializing navigation controller
INFO [2023-11-17T15:50:52.944Z]: Registering auth service with auth controller
INFO [2023-11-17T15:50:52.944Z]: Calculating navigation
INFO [2023-11-17T15:50:53.008Z]: Navigation
INFO [2023-11-17T15:50:53.009Z]: {"page":"/initialize/project"}
INFO [2023-11-17T15:50:53.010Z]: Fully initialized!
INFO [2023-11-17T15:50:53.014Z]: extension_initialized
INFO [2023-11-17T15:50:53.014Z]: {"timeToInit":11689}
INFO [2023-11-17T15:50:53.130Z]: Reading ALL files
INFO [2023-11-17T15:50:53.402Z]: Files: 30
INFO [2023-11-17T15:50:53.403Z]: Counting languages
INFO [2023-11-17T15:50:53.404Z]: Sorting languages
INFO [2023-11-17T15:51:09.413Z]: project_languages
INFO [2023-11-17T15:51:09.413Z]: {"languages":["HTML","CSS","JavaScript"]}
INFO [2023-11-17T15:51:09.444Z]: Navigation
INFO [2023-11-17T15:51:09.445Z]: {"page":"/initialize/ignore"}
INFO [2023-11-17T15:51:09.466Z]: Reading ALL files
INFO [2023-11-17T15:51:09.556Z]: Files: 31
INFO [2023-11-17T15:51:09.556Z]: Counting languages
INFO [2023-11-17T15:51:09.557Z]: Sorting languages
INFO [2023-11-17T15:51:12.970Z]: Navigation
INFO [2023-11-17T15:51:12.971Z]: {"page":"/initialize/progress"}
INFO [2023-11-17T15:51:13.148Z]: Found 23 files
INFO [2023-11-17T15:51:13.153Z]: project_initialize_start
INFO [2023-11-17T15:51:13.153Z]: {"name":"ugh","languages":["JSON","HTML","JavaScript","CSS","SQL"],"ignored":["!.vscode/*.code-snippets","!.vscode/extensions.json","!.vscode/launch.json","!.vscode/settings.json","!.vscode/tasks.json","$RECYCLE.BIN/","*.cab","*.lcov","*.lnk","*.log","*.msi","*.msix","*.msm","*.msp","*.pid","*.pid.lock","*.seed","*.stackdump","*.tgz","*.tsbuildinfo","*.vsix","*~",".AppleDB",".AppleDesktop",".AppleDouble",".DS_Store",".DocumentRevisions-V100",".LSOverride",".Spotlight-V100",".TemporaryItems",".Trash-*",".Trashes",".VolumeIcon.icns","._*",".apdisk",".cache",".cache/",".changeset",".com.apple.timemachine.donotpresent",".cosine",".devcontainer",".directory",".docusaurus",".dynamodb/",".env",".env.development.local",".env.local",".env.production.local",".env.test.local",".eslintcache",".expo",".expo-settings",".expo-shared",".fseventsd",".fuse_hidden*",".fusebox/",".git",".github",".gitsecret",".grunt",".history/",".husky",".idea",".lock-wscript",".next",".nfs*",".node_repl_history",".npm",".nuxt",".nyc_output",".parcel-cache",".pnp",".pnp.*",".pnp.js",".pnpm-debug.log*",".rpt2_cache/",".rts2_cache_cjs/",".rts2_cache_es/",".rts2_cache_umd/",".serverless/",".storybook",".stylelintcache",".temp",".tern-port",".turbo",".versionbot",".vs",".vscode-test",".vscode/*",".vuepress/dist",".yarn",".yarn-integrity",".yarn/build-state.yml",".yarn/cache",".yarn/install-state.gz",".yarn/unplugged",".yarnrc","Icon","Network Trash Folder","Temporary Items","Thumbs.db","Thumbs.db:encryptable","[Dd]esktop.ini","_generated","bower_components","build","build/Release","coverage","dist","ehthumbs.db","ehthumbs_vista.db","jspm_packages/","lerna-debug.log*","lib-cov","logs","node_modules/","npm-debug.log*","out","package-lock.json","pids","report.[0-9]*.[0-9]*.[0-9]*.[0-9]*.json","web_modules/","yarn-debug.log*","yarn-error.log*","yarn.lock"]}
INFO [2023-11-17T15:51:14.888Z]: [Engine.indexCode] Preindexing with graph
INFO [2023-11-17T15:51:14.889Z]: [SemanticCodeSearch.preIndex] Embedding components
INFO [2023-11-17T15:51:14.889Z]: {"added":443,"deleted":0}
INFO [2023-11-17T15:51:15.361Z]: [CodeGraphOrchestrator.preIndex] Preindexing
INFO [2023-11-17T15:51:15.361Z]: [CodeGraphOrchestrator.preIndex] Linking
INFO [2023-11-17T15:51:15.361Z]: {"language":"JavaScript"}
INFO [2023-11-17T15:51:15.405Z]: [CodeGraphOrchestrator.preIndex] Symbolising
INFO [2023-11-17T15:51:15.405Z]: {"language":"JavaScript","percent":14.285714285714285,"file":"1\\routes\\users.js"}
INFO [2023-11-17T15:51:15.410Z]: [CodeGraphOrchestrator.preIndex] Symbolising
INFO [2023-11-17T15:51:15.410Z]: {"language":"JavaScript","percent":28.57142857142857,"file":"1\\routes\\index.js"}
INFO [2023-11-17T15:51:15.441Z]: [CodeGraphOrchestrator.preIndex] Symbolising
INFO [2023-11-17T15:51:15.442Z]: {"language":"JavaScript","percent":42.857142857142854,"file":"1\\public\\javascripts\\MatheSpiel1.js"}
INFO [2023-11-17T15:51:15.460Z]: [CodeGraphOrchestrator.preIndex] Symbolising
INFO [2023-11-17T15:51:15.460Z]: {"language":"JavaScript","percent":57.14285714285714,"file":"1\\public\\javascripts\\kursalgorythmus.js"}
INFO [2023-11-17T15:51:15.464Z]: [CodeGraphOrchestrator.preIndex] Symbolising
INFO [2023-11-17T15:51:15.464Z]: {"language":"JavaScript","percent":71.42857142857143,"file":"1\\public\\javascripts\\html.js"}
INFO [2023-11-17T15:51:15.490Z]: [CodeGraphOrchestrator.preIndex] Symbolising
INFO [2023-11-17T15:51:15.490Z]: {"language":"JavaScript","percent":85.71428571428571,"file":"1\\public\\javascripts\\GuPSpiel.js"}
INFO [2023-11-17T15:51:15.497Z]: [CodeGraphOrchestrator.preIndex] Symbolising
INFO [2023-11-17T15:51:15.497Z]: {"language":"JavaScript","percent":100,"file":"1\\app.js"}
INFO [2023-11-17T15:51:15.511Z]: [CodeGraphOrchestrator.preIndex] Linking
INFO [2023-11-17T15:51:15.511Z]: {"language":"JavaScript","percent":1.4492753623188406,"file":"1\\routes\\users.js"}
INFO [2023-11-17T15:51:15.518Z]: [CodeGraphOrchestrator.preIndex] Linking
INFO [2023-11-17T15:51:15.518Z]: {"language":"JavaScript","percent":2.898550724637681,"file":"1\\routes\\index.js"}
INFO [2023-11-17T15:51:15.716Z]: [CodeGraphOrchestrator.preIndex] Linking
INFO [2023-11-17T15:51:15.716Z]: {"language":"JavaScript","percent":31.73913043478261,"file":"1\\public\\javascripts\\MatheSpiel1.js"}
INFO [2023-11-17T15:51:15.887Z]: [CodeGraphOrchestrator.preIndex] Linking
INFO [2023-11-17T15:51:15.887Z]: {"language":"JavaScript","percent":51.59420289855072,"file":"1\\public\\javascripts\\kursalgorythmus.js"}
INFO [2023-11-17T15:51:15.911Z]: [CodeGraphOrchestrator.preIndex] Linking
INFO [2023-11-17T15:51:15.911Z]: {"language":"JavaScript","percent":55.362318840579704,"file":"1\\public\\javascripts\\html.js"}
INFO [2023-11-17T15:51:16.662Z]: [CodeGraphOrchestrator.preIndex] Linking
INFO [2023-11-17T15:51:16.662Z]: {"language":"JavaScript","percent":90,"file":"1\\public\\javascripts\\GuPSpiel.js"}
INFO [2023-11-17T15:51:16.700Z]: [CodeGraphOrchestrator.preIndex] Linking
INFO [2023-11-17T15:51:16.701Z]: {"language":"JavaScript","percent":100,"file":"1\\app.js"}
INFO [2023-11-17T15:51:16.701Z]: [CodeGraphOrchestrator.preIndex] Linking
INFO [2023-11-17T15:51:16.701Z]: {"language":"JavaScript","percent":100}
INFO [2023-11-17T15:51:16.702Z]: [CodeGraphOrchestrator.preIndex] Linking complete
INFO [2023-11-17T15:51:16.702Z]: {"language":"JavaScript"}
INFO [2023-11-17T15:51:16.702Z]: [CodeGraphOrchestrator.preIndex] Preindexed
INFO [2023-11-17T15:51:22.919Z]: Tokens for Overview Summary
INFO [2023-11-17T15:51:22.920Z]: {"projectName":1,"languages":9,"likelyLibraries":0,"code":0,"nonCode":0,"total":179}
INFO [2023-11-17T15:51:24.424Z]: [SemanticCodeSearch.preIndex] Embedded components
INFO [2023-11-17T15:51:24.424Z]: {"length":443}
INFO [2023-11-17T15:51:24.425Z]: [Engine.indexCode]: Preindexed semantic & graph
INFO [2023-11-17T15:51:24.425Z]: [Engine.indexCode] Indexing code
INFO [2023-11-17T15:51:24.425Z]: [KeywordCodeSearch.index] Indexing
INFO [2023-11-17T15:51:24.456Z]: [KeywordCodeSearch.index] Saving index
INFO [2023-11-17T15:51:24.456Z]: [CodeGraphOrchestrator.index] Indexing
INFO [2023-11-17T15:51:24.456Z]: [CodeGraphOrchestrator.index] Indexing Language
INFO [2023-11-17T15:51:24.456Z]: {"language":"JavaScript"}
INFO [2023-11-17T15:51:24.490Z]: [CodeGraphOrchestrator.index] Indexed
INFO [2023-11-17T15:51:24.494Z]: [KeywordCodeSearch.index] Indexed
INFO [2023-11-17T15:51:24.494Z]: [SemanticCodeSearch.index] Indexing components
INFO [2023-11-17T15:51:24.494Z]: {"added":443,"deleted":0}
INFO [2023-11-17T15:51:24.494Z]: [SemanticCodeSearch.index] Deleting components
INFO [2023-11-17T15:51:24.494Z]: {"embeddingsToDelete":0}
INFO [2023-11-17T15:51:24.495Z]: [SemanticCodeSearch.index] Writing components
INFO [2023-11-17T15:51:24.495Z]: {"write":443}
INFO [2023-11-17T15:51:24.931Z]: [SemanticCodeSearch.index] Indexed components
INFO [2023-11-17T15:51:24.931Z]: {"resuts":443,"delete":0}
INFO [2023-11-17T15:51:24.932Z]: [CodeIndex.index] Indexing with MetaDB
INFO [2023-11-17T15:51:24.932Z]: {"files":{"added":23,"changed":0,"deleted":0}}
INFO [2023-11-17T15:51:24.967Z]: [CodeIndex.index] Indexed with MetaDB
INFO [2023-11-17T15:51:24.977Z]: [CodeTagger.index] Starting to index
INFO [2023-11-17T15:51:24.979Z]: [CodeTagger.getCodebaseThemes] Getting codebase themes
INFO [2023-11-17T15:51:42.756Z]: [CodeTagger.tagCodebase] Tagging codebase
INFO [2023-11-17T15:51:48.345Z]: [CodeTagger.save] Saving index to file
INFO [2023-11-17T15:51:48.501Z]: [Engine.indexCode] Indexed code
INFO [2023-11-17T15:51:54.069Z]: [KeywordCodeSearch.diffIndex] Computing diff
INFO [2023-11-17T15:51:54.073Z]: [KeywordCodeSearch.diffIndex] Diff computed
INFO [2023-11-17T15:51:54.073Z]: {"adding":0,"deleting":0}
INFO [2023-11-17T15:51:54.093Z]: project_initialize_success
INFO [2023-11-17T15:51:54.094Z]: {"name":"ugh","languages":["JSON","HTML","JavaScript","CSS","SQL"],"ignored":["!.vscode/*.code-snippets","!.vscode/extensions.json","!.vscode/launch.json","!.vscode/settings.json","!.vscode/tasks.json","$RECYCLE.BIN/","*.cab","*.lcov","*.lnk","*.log","*.msi","*.msix","*.msm","*.msp","*.pid","*.pid.lock","*.seed","*.stackdump","*.tgz","*.tsbuildinfo","*.vsix","*~",".AppleDB",".AppleDesktop",".AppleDouble",".DS_Store",".DocumentRevisions-V100",".LSOverride",".Spotlight-V100",".TemporaryItems",".Trash-*",".Trashes",".VolumeIcon.icns","._*",".apdisk",".cache",".cache/",".changeset",".com.apple.timemachine.donotpresent",".cosine",".devcontainer",".directory",".docusaurus",".dynamodb/",".env",".env.development.local",".env.local",".env.production.local",".env.test.local",".eslintcache",".expo",".expo-settings",".expo-shared",".fseventsd",".fuse_hidden*",".fusebox/",".git",".github",".gitsecret",".grunt",".history/",".husky",".idea",".lock-wscript",".next",".nfs*",".node_repl_history",".npm",".nuxt",".nyc_output",".parcel-cache",".pnp",".pnp.*",".pnp.js",".pnpm-debug.log*",".rpt2_cache/",".rts2_cache_cjs/",".rts2_cache_es/",".rts2_cache_umd/",".serverless/",".storybook",".stylelintcache",".temp",".tern-port",".turbo",".versionbot",".vs",".vscode-test",".vscode/*",".vuepress/dist",".yarn",".yarn-integrity",".yarn/build-state.yml",".yarn/cache",".yarn/install-state.gz",".yarn/unplugged",".yarnrc","Icon","Network Trash Folder","Temporary Items","Thumbs.db","Thumbs.db:encryptable","[Dd]esktop.ini","_generated","bower_components","build","build/Release","coverage","dist","ehthumbs.db","ehthumbs_vista.db","jspm_packages/","lerna-debug.log*","lib-cov","logs","node_modules/","npm-debug.log*","out","package-lock.json","pids","report.[0-9]*.[0-9]*.[0-9]*.[0-9]*.json","web_modules/","yarn-debug.log*","yarn-error.log*","yarn.lock"]}
INFO [2023-11-17T15:53:06.991Z]: question_start
INFO [2023-11-17T15:53:06.991Z]: {"prompt":"Can you convert these if statements into switch?"}
INFO [2023-11-17T15:53:30.487Z]: question_success
INFO [2023-11-17T15:53:30.487Z]: {"prompt":"Can you convert these if statements into switch?"}
INFO [2023-11-17T15:53:56.426Z]: question_start
INFO [2023-11-17T15:53:56.426Z]: {"prompt":"Can you do the rest of the cases?"}
INFO [2023-11-17T15:54:33.017Z]: question_success
INFO [2023-11-17T15:54:33.017Z]: {"prompt":"Can you do the rest of the cases?"}
INFO [2023-11-17T15:54:53.973Z]: question_start
INFO [2023-11-17T15:54:53.973Z]: {"prompt":"Yeah, can you continue where you had to end it?"}
INFO [2023-11-17T15:55:21.329Z]: question_success
INFO [2023-11-17T15:55:21.330Z]: {"prompt":"Yeah, can you continue where you had to end it?"}
INFO [2023-11-17T15:56:03.062Z]: question_start
INFO [2023-11-17T15:56:03.062Z]: {"prompt":"Can you continue from there? Also, write more code, less comments about it."}
INFO [2023-11-17T15:56:43.792Z]: question_success
INFO [2023-11-17T15:56:43.792Z]: {"prompt":"Can you continue from there? Also, write more code, less comments about it."}
INFO [2023-11-17T15:57:20.307Z]: project_reinitialize_start
INFO [2023-11-17T15:57:20.307Z]: {}
INFO [2023-11-17T15:57:20.486Z]: [Engine.indexCode] Preindexing with graph
INFO [2023-11-17T15:57:20.486Z]: [SemanticCodeSearch.preIndex] Embedding components
INFO [2023-11-17T15:57:20.486Z]: {"added":1,"deleted":29}
INFO [2023-11-17T15:57:20.489Z]: [CodeGraphOrchestrator.preIndex] Preindexing
INFO [2023-11-17T15:57:20.489Z]: [CodeGraphOrchestrator.preIndex] Linking
INFO [2023-11-17T15:57:20.489Z]: {"language":"JavaScript"}
INFO [2023-11-17T15:57:20.513Z]: [CodeGraphOrchestrator.preIndex] Symbolising
INFO [2023-11-17T15:57:20.513Z]: {"language":"JavaScript","percent":100,"file":"1\\public\\javascripts\\GuPSpiel.js"}
INFO [2023-11-17T15:57:20.840Z]: [CodeGraphOrchestrator.preIndex] Linking
INFO [2023-11-17T15:57:20.840Z]: {"language":"JavaScript","percent":100,"file":"1\\public\\javascripts\\GuPSpiel.js"}
INFO [2023-11-17T15:57:20.841Z]: [CodeGraphOrchestrator.preIndex] Linking
INFO [2023-11-17T15:57:20.841Z]: {"language":"JavaScript","percent":100}
INFO [2023-11-17T15:57:20.841Z]: [CodeGraphOrchestrator.preIndex] Linking complete
INFO [2023-11-17T15:57:20.841Z]: {"language":"JavaScript"}
INFO [2023-11-17T15:57:20.841Z]: [CodeGraphOrchestrator.preIndex] Preindexed
INFO [2023-11-17T15:57:21.062Z]: [SemanticCodeSearch.preIndex] Embedded components
INFO [2023-11-17T15:57:21.062Z]: {"length":1}
INFO [2023-11-17T15:57:21.063Z]: [Engine.indexCode]: Preindexed semantic & graph
INFO [2023-11-17T15:57:21.063Z]: [Engine.indexCode] Indexing code
INFO [2023-11-17T15:57:21.063Z]: [KeywordCodeSearch.index] Indexing
INFO [2023-11-17T15:57:21.115Z]: [KeywordCodeSearch.index] Saving index
INFO [2023-11-17T15:57:21.115Z]: [CodeGraphOrchestrator.index] Indexing
INFO [2023-11-17T15:57:21.115Z]: [CodeGraphOrchestrator.index] Indexing Language
INFO [2023-11-17T15:57:21.115Z]: {"language":"JavaScript"}
INFO [2023-11-17T15:57:21.165Z]: [KeywordCodeSearch.index] Indexed
INFO [2023-11-17T15:57:21.167Z]: [CodeGraphOrchestrator.index] Indexed
INFO [2023-11-17T15:57:21.167Z]: [SemanticCodeSearch.index] Indexing components
INFO [2023-11-17T15:57:21.167Z]: {"added":1,"deleted":29}
INFO [2023-11-17T15:57:21.167Z]: [SemanticCodeSearch.index] Deleting components
INFO [2023-11-17T15:57:21.167Z]: {"embeddingsToDelete":29}
INFO [2023-11-17T15:57:21.168Z]: [SemanticCodeSearch.index] Writing components
INFO [2023-11-17T15:57:21.168Z]: {"write":1}
INFO [2023-11-17T15:57:21.437Z]: [SemanticCodeSearch.index] Indexed components
INFO [2023-11-17T15:57:21.438Z]: {"resuts":1,"delete":29}
INFO [2023-11-17T15:57:21.438Z]: [CodeIndex.index] Indexing with MetaDB
INFO [2023-11-17T15:57:21.438Z]: {"files":{"added":0,"changed":1,"deleted":0}}
INFO [2023-11-17T15:57:21.446Z]: [CodeIndex.index] Indexed with MetaDB
INFO [2023-11-17T15:57:21.452Z]: [CodeTagger.index] Starting to index
INFO [2023-11-17T15:57:21.575Z]: [Engine.indexCode] Indexed code
INFO [2023-11-17T15:57:21.575Z]: [KeywordCodeSearch.diffIndex] Computing diff
INFO [2023-11-17T15:57:21.577Z]: [KeywordCodeSearch.diffIndex] Diff computed
INFO [2023-11-17T15:57:21.577Z]: {"adding":0,"deleting":0}
INFO [2023-11-17T15:57:21.584Z]: project_reinitialize_success
INFO [2023-11-17T15:57:21.584Z]: {}
INFO [2023-11-17T15:57:50.659Z]: project_reinitialize_start
INFO [2023-11-17T15:57:50.660Z]: {}
INFO [2023-11-17T15:57:50.802Z]: [Engine.indexCode] Preindexing with graph
INFO [2023-11-17T15:57:50.803Z]: [SemanticCodeSearch.preIndex] Embedding components
INFO [2023-11-17T15:57:50.803Z]: {"added":1,"deleted":1}
INFO [2023-11-17T15:57:50.809Z]: [CodeGraphOrchestrator.preIndex] Preindexing
INFO [2023-11-17T15:57:50.809Z]: [CodeGraphOrchestrator.preIndex] Linking
INFO [2023-11-17T15:57:50.809Z]: {"language":"JavaScript"}
INFO [2023-11-17T15:57:50.835Z]: [CodeGraphOrchestrator.preIndex] Symbolising
INFO [2023-11-17T15:57:50.836Z]: {"language":"JavaScript","percent":100,"file":"1\\public\\javascripts\\GuPSpiel.js"}
INFO [2023-11-17T15:57:51.345Z]: [SemanticCodeSearch.preIndex] Embedded components
INFO [2023-11-17T15:57:51.345Z]: {"length":1}
INFO [2023-11-17T15:57:51.355Z]: [CodeGraphOrchestrator.preIndex] Linking
INFO [2023-11-17T15:57:51.355Z]: {"language":"JavaScript","percent":100,"file":"1\\public\\javascripts\\GuPSpiel.js"}
INFO [2023-11-17T15:57:51.355Z]: [CodeGraphOrchestrator.preIndex] Linking
INFO [2023-11-17T15:57:51.355Z]: {"language":"JavaScript","percent":100}
INFO [2023-11-17T15:57:51.355Z]: [CodeGraphOrchestrator.preIndex] Linking complete
INFO [2023-11-17T15:57:51.355Z]: {"language":"JavaScript"}
INFO [2023-11-17T15:57:51.355Z]: [CodeGraphOrchestrator.preIndex] Preindexed
INFO [2023-11-17T15:57:51.355Z]: [Engine.indexCode]: Preindexed semantic & graph
INFO [2023-11-17T15:57:51.355Z]: [Engine.indexCode] Indexing code
INFO [2023-11-17T15:57:51.356Z]: [KeywordCodeSearch.index] Indexing
INFO [2023-11-17T15:57:51.358Z]: [KeywordCodeSearch.index] Saving index
INFO [2023-11-17T15:57:51.358Z]: [CodeGraphOrchestrator.index] Indexing
INFO [2023-11-17T15:57:51.358Z]: [CodeGraphOrchestrator.index] Indexing Language
INFO [2023-11-17T15:57:51.358Z]: {"language":"JavaScript"}
INFO [2023-11-17T15:57:51.385Z]: [CodeGraphOrchestrator.index] Indexed
INFO [2023-11-17T15:57:51.400Z]: [KeywordCodeSearch.index] Indexed
INFO [2023-11-17T15:57:51.400Z]: [SemanticCodeSearch.index] Indexing components
INFO [2023-11-17T15:57:51.400Z]: {"added":1,"deleted":1}
INFO [2023-11-17T15:57:51.400Z]: [SemanticCodeSearch.index] Deleting components
INFO [2023-11-17T15:57:51.400Z]: {"embeddingsToDelete":1}
INFO [2023-11-17T15:57:51.400Z]: [SemanticCodeSearch.index] Writing components
INFO [2023-11-17T15:57:51.400Z]: {"write":1}
INFO [2023-11-17T15:57:51.645Z]: [SemanticCodeSearch.index] Indexed components
INFO [2023-11-17T15:57:51.645Z]: {"resuts":1,"delete":1}
INFO [2023-11-17T15:57:51.645Z]: [CodeIndex.index] Indexing with MetaDB
INFO [2023-11-17T15:57:51.645Z]: {"files":{"added":0,"changed":1,"deleted":0}}
INFO [2023-11-17T15:57:51.653Z]: [CodeIndex.index] Indexed with MetaDB
INFO [2023-11-17T15:57:51.658Z]: [CodeTagger.index] Starting to index
INFO [2023-11-17T15:57:51.759Z]: [Engine.indexCode] Indexed code
INFO [2023-11-17T15:57:51.760Z]: [KeywordCodeSearch.diffIndex] Computing diff
INFO [2023-11-17T15:57:51.761Z]: [KeywordCodeSearch.diffIndex] Diff computed
INFO [2023-11-17T15:57:51.761Z]: {"adding":0,"deleting":0}
INFO [2023-11-17T15:57:51.770Z]: project_reinitialize_success
INFO [2023-11-17T15:57:51.770Z]: {}
INFO [2023-11-17T15:58:05.154Z]: project_reinitialize_start
INFO [2023-11-17T15:58:05.154Z]: {}
INFO [2023-11-17T15:58:05.306Z]: [Engine.indexCode] Preindexing with graph
INFO [2023-11-17T15:58:05.307Z]: [SemanticCodeSearch.preIndex] Embedding components
INFO [2023-11-17T15:58:05.307Z]: {"added":1,"deleted":1}
INFO [2023-11-17T15:58:05.311Z]: [CodeGraphOrchestrator.preIndex] Preindexing
INFO [2023-11-17T15:58:05.311Z]: [CodeGraphOrchestrator.preIndex] Linking
INFO [2023-11-17T15:58:05.311Z]: {"language":"JavaScript"}
INFO [2023-11-17T15:58:05.335Z]: [CodeGraphOrchestrator.preIndex] Symbolising
INFO [2023-11-17T15:58:05.336Z]: {"language":"JavaScript","percent":100,"file":"1\\public\\javascripts\\GuPSpiel.js"}
INFO [2023-11-17T15:58:05.785Z]: [CodeGraphOrchestrator.preIndex] Linking
INFO [2023-11-17T15:58:05.786Z]: {"language":"JavaScript","percent":100,"file":"1\\public\\javascripts\\GuPSpiel.js"}
INFO [2023-11-17T15:58:05.786Z]: [CodeGraphOrchestrator.preIndex] Linking
INFO [2023-11-17T15:58:05.786Z]: {"language":"JavaScript","percent":100}
INFO [2023-11-17T15:58:05.786Z]: [CodeGraphOrchestrator.preIndex] Linking complete
INFO [2023-11-17T15:58:05.786Z]: {"language":"JavaScript"}
INFO [2023-11-17T15:58:05.786Z]: [CodeGraphOrchestrator.preIndex] Preindexed
INFO [2023-11-17T15:58:05.919Z]: [SemanticCodeSearch.preIndex] Embedded components
INFO [2023-11-17T15:58:05.920Z]: {"length":1}
INFO [2023-11-17T15:58:05.920Z]: [Engine.indexCode]: Preindexed semantic & graph
INFO [2023-11-17T15:58:05.920Z]: [Engine.indexCode] Indexing code
INFO [2023-11-17T15:58:05.920Z]: [KeywordCodeSearch.index] Indexing
INFO [2023-11-17T15:58:05.922Z]: [KeywordCodeSearch.index] Saving index
INFO [2023-11-17T15:58:05.922Z]: [CodeGraphOrchestrator.index] Indexing
INFO [2023-11-17T15:58:05.922Z]: [CodeGraphOrchestrator.index] Indexing Language
INFO [2023-11-17T15:58:05.922Z]: {"language":"JavaScript"}
INFO [2023-11-17T15:58:05.941Z]: [CodeGraphOrchestrator.index] Indexed
INFO [2023-11-17T15:58:05.950Z]: [KeywordCodeSearch.index] Indexed
INFO [2023-11-17T15:58:05.950Z]: [SemanticCodeSearch.index] Indexing components
INFO [2023-11-17T15:58:05.950Z]: {"added":1,"deleted":1}
INFO [2023-11-17T15:58:05.950Z]: [SemanticCodeSearch.index] Deleting components
INFO [2023-11-17T15:58:05.950Z]: {"embeddingsToDelete":1}
INFO [2023-11-17T15:58:05.951Z]: [SemanticCodeSearch.index] Writing components
INFO [2023-11-17T15:58:05.951Z]: {"write":1}
INFO [2023-11-17T15:58:07.435Z]: [SemanticCodeSearch.index] Indexed components
INFO [2023-11-17T15:58:07.435Z]: {"resuts":1,"delete":1}
INFO [2023-11-17T15:58:07.436Z]: [CodeIndex.index] Indexing with MetaDB
INFO [2023-11-17T15:58:07.436Z]: {"files":{"added":0,"changed":1,"deleted":0}}
INFO [2023-11-17T15:58:07.444Z]: [CodeIndex.index] Indexed with MetaDB
INFO [2023-11-17T15:58:07.455Z]: [CodeTagger.index] Starting to index
INFO [2023-11-17T15:58:07.659Z]: [Engine.indexCode] Indexed code
INFO [2023-11-17T15:58:07.660Z]: [KeywordCodeSearch.diffIndex] Computing diff
INFO [2023-11-17T15:58:07.662Z]: [KeywordCodeSearch.diffIndex] Diff computed
INFO [2023-11-17T15:58:07.662Z]: {"adding":0,"deleting":0}
INFO [2023-11-17T15:58:07.695Z]: project_reinitialize_success
INFO [2023-11-17T15:58:07.695Z]: {}
INFO [2023-11-17T15:58:11.469Z]: project_reinitialize_start
INFO [2023-11-17T15:58:11.469Z]: {}
INFO [2023-11-17T15:58:11.555Z]: project_reinitialize_start
INFO [2023-11-17T15:58:11.557Z]: {}
INFO [2023-11-17T15:58:11.607Z]: [Engine.indexCode] Preindexing with graph
INFO [2023-11-17T15:58:11.607Z]: [SemanticCodeSearch.preIndex] Embedding components
INFO [2023-11-17T15:58:11.607Z]: {"added":1,"deleted":1}
INFO [2023-11-17T15:58:11.612Z]: [CodeGraphOrchestrator.preIndex] Preindexing
INFO [2023-11-17T15:58:11.612Z]: [CodeGraphOrchestrator.preIndex] Linking
INFO [2023-11-17T15:58:11.612Z]: {"language":"JavaScript"}
INFO [2023-11-17T15:58:11.628Z]: [CodeGraphOrchestrator.preIndex] Symbolising
INFO [2023-11-17T15:58:11.628Z]: {"language":"JavaScript","percent":100,"file":"1\\public\\javascripts\\GuPSpiel.js"}
INFO [2023-11-17T15:58:12.321Z]: [CodeGraphOrchestrator.preIndex] Linking
INFO [2023-11-17T15:58:12.322Z]: {"language":"JavaScript","percent":100,"file":"1\\public\\javascripts\\GuPSpiel.js"}
INFO [2023-11-17T15:58:12.322Z]: [CodeGraphOrchestrator.preIndex] Linking
INFO [2023-11-17T15:58:12.322Z]: {"language":"JavaScript","percent":100}
INFO [2023-11-17T15:58:12.322Z]: [CodeGraphOrchestrator.preIndex] Linking complete
INFO [2023-11-17T15:58:12.322Z]: {"language":"JavaScript"}
INFO [2023-11-17T15:58:12.322Z]: [CodeGraphOrchestrator.preIndex] Preindexed
INFO [2023-11-17T15:58:12.427Z]: [SemanticCodeSearch.preIndex] Embedded components
INFO [2023-11-17T15:58:12.427Z]: {"length":1}
INFO [2023-11-17T15:58:12.427Z]: [Engine.indexCode]: Preindexed semantic & graph
INFO [2023-11-17T15:58:12.427Z]: [Engine.indexCode] Indexing code
INFO [2023-11-17T15:58:12.427Z]: [KeywordCodeSearch.index] Indexing
INFO [2023-11-17T15:58:12.432Z]: [KeywordCodeSearch.index] Saving index
INFO [2023-11-17T15:58:12.432Z]: [CodeGraphOrchestrator.index] Indexing
INFO [2023-11-17T15:58:12.432Z]: [CodeGraphOrchestrator.index] Indexing Language
INFO [2023-11-17T15:58:12.432Z]: {"language":"JavaScript"}
INFO [2023-11-17T15:58:12.744Z]: [CodeGraphOrchestrator.index] Indexed
INFO [2023-11-17T15:58:12.770Z]: [KeywordCodeSearch.index] Indexed
INFO [2023-11-17T15:58:12.770Z]: [SemanticCodeSearch.index] Indexing components
INFO [2023-11-17T15:58:12.770Z]: {"added":1,"deleted":1}
INFO [2023-11-17T15:58:12.770Z]: [SemanticCodeSearch.index] Deleting components
INFO [2023-11-17T15:58:12.770Z]: {"embeddingsToDelete":1}
INFO [2023-11-17T15:58:12.771Z]: [SemanticCodeSearch.index] Writing components
INFO [2023-11-17T15:58:12.771Z]: {"write":1}
INFO [2023-11-17T15:58:13.905Z]: [SemanticCodeSearch.index] Indexed components
INFO [2023-11-17T15:58:13.906Z]: {"resuts":1,"delete":1}
INFO [2023-11-17T15:58:13.906Z]: [CodeIndex.index] Indexing with MetaDB
INFO [2023-11-17T15:58:13.906Z]: {"files":{"added":0,"changed":1,"deleted":0}}
INFO [2023-11-17T15:58:13.935Z]: [CodeIndex.index] Indexed with MetaDB
INFO [2023-11-17T15:58:13.970Z]: [CodeTagger.index] Starting to index
INFO [2023-11-17T15:58:13.995Z]: project_reinitialize_start
INFO [2023-11-17T15:58:13.996Z]: {}
INFO [2023-11-17T15:58:14.011Z]: project_reinitialize_start
INFO [2023-11-17T15:58:14.011Z]: {}
INFO [2023-11-17T15:58:14.201Z]: [Engine.indexCode] Indexed code
INFO [2023-11-17T15:58:14.203Z]: [KeywordCodeSearch.diffIndex] Computing diff
INFO [2023-11-17T15:58:14.204Z]: [KeywordCodeSearch.diffIndex] Diff computed
INFO [2023-11-17T15:58:14.204Z]: {"adding":0,"deleting":0}
INFO [2023-11-17T15:58:14.278Z]: project_reinitialize_success
INFO [2023-11-17T15:58:14.278Z]: {}
INFO [2023-11-17T15:58:14.534Z]: [Engine.indexCode] Preindexing with graph
INFO [2023-11-17T15:58:14.534Z]: [SemanticCodeSearch.preIndex] Embedding components
INFO [2023-11-17T15:58:14.534Z]: {"added":1,"deleted":1}
INFO [2023-11-17T15:58:14.542Z]: [CodeGraphOrchestrator.preIndex] Preindexing
INFO [2023-11-17T15:58:14.543Z]: [CodeGraphOrchestrator.preIndex] Linking
INFO [2023-11-17T15:58:14.543Z]: {"language":"JavaScript"}
INFO [2023-11-17T15:58:14.570Z]: [CodeGraphOrchestrator.preIndex] Symbolising
INFO [2023-11-17T15:58:14.570Z]: {"language":"JavaScript","percent":100,"file":"1\\public\\javascripts\\GuPSpiel.js"}
INFO [2023-11-17T15:58:15.206Z]: [CodeGraphOrchestrator.preIndex] Linking
INFO [2023-11-17T15:58:15.206Z]: {"language":"JavaScript","percent":100,"file":"1\\public\\javascripts\\GuPSpiel.js"}
INFO [2023-11-17T15:58:15.207Z]: [CodeGraphOrchestrator.preIndex] Linking
INFO [2023-11-17T15:58:15.207Z]: {"language":"JavaScript","percent":100}
INFO [2023-11-17T15:58:15.207Z]: [CodeGraphOrchestrator.preIndex] Linking complete
INFO [2023-11-17T15:58:15.207Z]: {"language":"JavaScript"}
INFO [2023-11-17T15:58:15.207Z]: [CodeGraphOrchestrator.preIndex] Preindexed
INFO [2023-11-17T15:58:16.281Z]: [SemanticCodeSearch.preIndex] Embedded components
INFO [2023-11-17T15:58:16.282Z]: {"length":1}
INFO [2023-11-17T15:58:16.282Z]: [Engine.indexCode]: Preindexed semantic & graph
INFO [2023-11-17T15:58:16.283Z]: [Engine.indexCode] Indexing code
INFO [2023-11-17T15:58:16.283Z]: [KeywordCodeSearch.index] Indexing
INFO [2023-11-17T15:58:16.286Z]: [KeywordCodeSearch.index] Saving index
INFO [2023-11-17T15:58:16.286Z]: [CodeGraphOrchestrator.index] Indexing
INFO [2023-11-17T15:58:16.286Z]: [CodeGraphOrchestrator.index] Indexing Language
INFO [2023-11-17T15:58:16.286Z]: {"language":"JavaScript"}
INFO [2023-11-17T15:58:16.313Z]: [CodeGraphOrchestrator.index] Indexed
INFO [2023-11-17T15:58:16.322Z]: [KeywordCodeSearch.index] Indexed
INFO [2023-11-17T15:58:16.322Z]: [SemanticCodeSearch.index] Indexing components
INFO [2023-11-17T15:58:16.322Z]: {"added":1,"deleted":1}
INFO [2023-11-17T15:58:16.322Z]: [SemanticCodeSearch.index] Deleting components
INFO [2023-11-17T15:58:16.322Z]: {"embeddingsToDelete":1}
INFO [2023-11-17T15:58:16.322Z]: [SemanticCodeSearch.index] Writing components
INFO [2023-11-17T15:58:16.322Z]: {"write":1}
INFO [2023-11-17T15:58:16.621Z]: [SemanticCodeSearch.index] Indexed components
INFO [2023-11-17T15:58:16.622Z]: {"resuts":1,"delete":1}
INFO [2023-11-17T15:58:16.623Z]: [CodeIndex.index] Indexing with MetaDB
INFO [2023-11-17T15:58:16.623Z]: {"files":{"added":0,"changed":1,"deleted":0}}
INFO [2023-11-17T15:58:16.630Z]: [CodeIndex.index] Indexed with MetaDB
INFO [2023-11-17T15:58:16.636Z]: [CodeTagger.index] Starting to index
INFO [2023-11-17T15:58:16.753Z]: [Engine.indexCode] Indexed code
INFO [2023-11-17T15:58:16.754Z]: [KeywordCodeSearch.diffIndex] Computing diff
INFO [2023-11-17T15:58:16.755Z]: [KeywordCodeSearch.diffIndex] Diff computed
INFO [2023-11-17T15:58:16.755Z]: {"adding":0,"deleting":0}
INFO [2023-11-17T15:58:16.766Z]: project_reinitialize_success
INFO [2023-11-17T15:58:16.766Z]: {}
INFO [2023-11-17T15:58:16.923Z]: [Engine.indexCode] Preindexing with graph
INFO [2023-11-17T15:58:16.924Z]: [SemanticCodeSearch.preIndex] Embedding components
INFO [2023-11-17T15:58:16.924Z]: {"added":0,"deleted":0}
INFO [2023-11-17T15:58:16.924Z]: [CodeGraphOrchestrator.preIndex] Preindexing
INFO [2023-11-17T15:58:16.924Z]: [CodeGraphOrchestrator.preIndex] Preindexed
INFO [2023-11-17T15:58:16.924Z]: [SemanticCodeSearch.preIndex] Embedded components
INFO [2023-11-17T15:58:16.924Z]: {"length":0}
INFO [2023-11-17T15:58:16.924Z]: [Engine.indexCode]: Preindexed semantic & graph
INFO [2023-11-17T15:58:16.924Z]: [Engine.indexCode] Indexing code
INFO [2023-11-17T15:58:16.924Z]: [KeywordCodeSearch.index] Indexing
INFO [2023-11-17T15:58:16.924Z]: [KeywordCodeSearch.index] Saving index
INFO [2023-11-17T15:58:16.925Z]: [CodeGraphOrchestrator.index] Indexing
INFO [2023-11-17T15:58:16.925Z]: [CodeGraphOrchestrator.index] Indexed
INFO [2023-11-17T15:58:16.948Z]: [KeywordCodeSearch.index] Indexed
INFO [2023-11-17T15:58:16.948Z]: [SemanticCodeSearch.index] Indexing components
INFO [2023-11-17T15:58:16.948Z]: {"added":0,"deleted":0}
INFO [2023-11-17T15:58:16.948Z]: [SemanticCodeSearch.index] Deleting components
INFO [2023-11-17T15:58:16.948Z]: {"embeddingsToDelete":0}
INFO [2023-11-17T15:58:16.948Z]: [SemanticCodeSearch.index] Writing components
INFO [2023-11-17T15:58:16.948Z]: {"write":0}
INFO [2023-11-17T15:58:17.190Z]: [SemanticCodeSearch.index] Indexed components
INFO [2023-11-17T15:58:17.190Z]: {"resuts":0,"delete":0}
INFO [2023-11-17T15:58:17.190Z]: [CodeIndex.index] Indexing with MetaDB
INFO [2023-11-17T15:58:17.190Z]: {"files":{"added":0,"changed":0,"deleted":0}}
INFO [2023-11-17T15:58:17.198Z]: [CodeIndex.index] Indexed with MetaDB
INFO [2023-11-17T15:58:17.210Z]: [CodeTagger.index] Starting to index
INFO [2023-11-17T15:58:17.333Z]: [Engine.indexCode] Indexed code
INFO [2023-11-17T15:58:17.334Z]: [KeywordCodeSearch.diffIndex] Computing diff
INFO [2023-11-17T15:58:17.336Z]: [KeywordCodeSearch.diffIndex] Diff computed
INFO [2023-11-17T15:58:17.336Z]: {"adding":0,"deleting":0}
INFO [2023-11-17T15:58:17.346Z]: project_reinitialize_success
INFO [2023-11-17T15:58:17.346Z]: {}
INFO [2023-11-17T15:58:17.513Z]: [Engine.indexCode] Preindexing with graph
INFO [2023-11-17T15:58:17.514Z]: [SemanticCodeSearch.preIndex] Embedding components
INFO [2023-11-17T15:58:17.514Z]: {"added":0,"deleted":0}
INFO [2023-11-17T15:58:17.514Z]: [CodeGraphOrchestrator.preIndex] Preindexing
INFO [2023-11-17T15:58:17.514Z]: [CodeGraphOrchestrator.preIndex] Preindexed
INFO [2023-11-17T15:58:17.514Z]: [SemanticCodeSearch.preIndex] Embedded components
INFO [2023-11-17T15:58:17.514Z]: {"length":0}
INFO [2023-11-17T15:58:17.515Z]: [Engine.indexCode]: Preindexed semantic & graph
INFO [2023-11-17T15:58:17.515Z]: [Engine.indexCode] Indexing code
INFO [2023-11-17T15:58:17.515Z]: [KeywordCodeSearch.index] Indexing
INFO [2023-11-17T15:58:17.515Z]: [KeywordCodeSearch.index] Saving index
INFO [2023-11-17T15:58:17.515Z]: [CodeGraphOrchestrator.index] Indexing
INFO [2023-11-17T15:58:17.515Z]: [CodeGraphOrchestrator.index] Indexed
INFO [2023-11-17T15:58:17.545Z]: [KeywordCodeSearch.index] Indexed
INFO [2023-11-17T15:58:17.545Z]: [SemanticCodeSearch.index] Indexing components
INFO [2023-11-17T15:58:17.545Z]: {"added":0,"deleted":0}
INFO [2023-11-17T15:58:17.545Z]: [SemanticCodeSearch.index] Deleting components
INFO [2023-11-17T15:58:17.545Z]: {"embeddingsToDelete":0}
INFO [2023-11-17T15:58:17.546Z]: [SemanticCodeSearch.index] Writing components
INFO [2023-11-17T15:58:17.546Z]: {"write":0}
INFO [2023-11-17T15:58:17.809Z]: [SemanticCodeSearch.index] Indexed components
INFO [2023-11-17T15:58:17.809Z]: {"resuts":0,"delete":0}
INFO [2023-11-17T15:58:17.810Z]: [CodeIndex.index] Indexing with MetaDB
INFO [2023-11-17T15:58:17.810Z]: {"files":{"added":0,"changed":0,"deleted":0}}
INFO [2023-11-17T15:58:17.816Z]: [CodeIndex.index] Indexed with MetaDB
INFO [2023-11-17T15:58:17.827Z]: [CodeTagger.index] Starting to index
INFO [2023-11-17T15:58:17.985Z]: [Engine.indexCode] Indexed code
INFO [2023-11-17T15:58:17.985Z]: [KeywordCodeSearch.diffIndex] Computing diff
INFO [2023-11-17T15:58:17.987Z]: [KeywordCodeSearch.diffIndex] Diff computed
INFO [2023-11-17T15:58:17.987Z]: {"adding":0,"deleting":0}
INFO [2023-11-17T15:58:17.995Z]: project_reinitialize_success
INFO [2023-11-17T15:58:17.996Z]: {}
INFO [2023-11-17T15:58:45.207Z]: project_reinitialize_start
INFO [2023-11-17T15:58:45.208Z]: {}
INFO [2023-11-17T15:58:45.531Z]: [Engine.indexCode] Preindexing with graph
INFO [2023-11-17T15:58:45.536Z]: [SemanticCodeSearch.preIndex] Embedding components
INFO [2023-11-17T15:58:45.536Z]: {"added":1,"deleted":1}
INFO [2023-11-17T15:58:45.545Z]: [CodeGraphOrchestrator.preIndex] Preindexing
INFO [2023-11-17T15:58:45.545Z]: [CodeGraphOrchestrator.preIndex] Linking
INFO [2023-11-17T15:58:45.545Z]: {"language":"JavaScript"}
INFO [2023-11-17T15:58:45.632Z]: [CodeGraphOrchestrator.preIndex] Symbolising
INFO [2023-11-17T15:58:45.633Z]: {"language":"JavaScript","percent":100,"file":"1\\public\\javascripts\\GuPSpiel.js"}
INFO [2023-11-17T15:58:46.160Z]: [SemanticCodeSearch.preIndex] Embedded components
INFO [2023-11-17T15:58:46.161Z]: {"length":1}
INFO [2023-11-17T15:58:46.543Z]: [CodeGraphOrchestrator.preIndex] Linking
INFO [2023-11-17T15:58:46.544Z]: {"language":"JavaScript","percent":100,"file":"1\\public\\javascripts\\GuPSpiel.js"}
INFO [2023-11-17T15:58:46.545Z]: [CodeGraphOrchestrator.preIndex] Linking
INFO [2023-11-17T15:58:46.545Z]: {"language":"JavaScript","percent":100}
INFO [2023-11-17T15:58:46.545Z]: [CodeGraphOrchestrator.preIndex] Linking complete
INFO [2023-11-17T15:58:46.545Z]: {"language":"JavaScript"}
INFO [2023-11-17T15:58:46.545Z]: [CodeGraphOrchestrator.preIndex] Preindexed
INFO [2023-11-17T15:58:46.546Z]: [Engine.indexCode]: Preindexed semantic & graph
INFO [2023-11-17T15:58:46.546Z]: [Engine.indexCode] Indexing code
INFO [2023-11-17T15:58:46.546Z]: [KeywordCodeSearch.index] Indexing
INFO [2023-11-17T15:58:46.552Z]: [KeywordCodeSearch.index] Saving index
INFO [2023-11-17T15:58:46.552Z]: [CodeGraphOrchestrator.index] Indexing
INFO [2023-11-17T15:58:46.552Z]: [CodeGraphOrchestrator.index] Indexing Language
INFO [2023-11-17T15:58:46.552Z]: {"language":"JavaScript"}
INFO [2023-11-17T15:58:46.699Z]: [KeywordCodeSearch.index] Indexed
INFO [2023-11-17T15:58:46.702Z]: [CodeGraphOrchestrator.index] Indexed
INFO [2023-11-17T15:58:46.702Z]: [SemanticCodeSearch.index] Indexing components
INFO [2023-11-17T15:58:46.702Z]: {"added":1,"deleted":1}
INFO [2023-11-17T15:58:46.702Z]: [SemanticCodeSearch.index] Deleting components
INFO [2023-11-17T15:58:46.702Z]: {"embeddingsToDelete":1}
INFO [2023-11-17T15:58:46.703Z]: [SemanticCodeSearch.index] Writing components
INFO [2023-11-17T15:58:46.703Z]: {"write":1}
INFO [2023-11-17T15:58:47.253Z]: project_reinitialize_start
INFO [2023-11-17T15:58:47.253Z]: {}
INFO [2023-11-17T15:58:47.268Z]: [SemanticCodeSearch.index] Indexed components
INFO [2023-11-17T15:58:47.268Z]: {"resuts":1,"delete":1}
INFO [2023-11-17T15:58:47.269Z]: [CodeIndex.index] Indexing with MetaDB
INFO [2023-11-17T15:58:47.269Z]: {"files":{"added":0,"changed":1,"deleted":0}}
INFO [2023-11-17T15:58:47.275Z]: [CodeIndex.index] Indexed with MetaDB
INFO [2023-11-17T15:58:47.281Z]: [CodeTagger.index] Starting to index
INFO [2023-11-17T15:58:47.433Z]: [Engine.indexCode] Indexed code
INFO [2023-11-17T15:58:47.434Z]: [KeywordCodeSearch.diffIndex] Computing diff
INFO [2023-11-17T15:58:47.436Z]: [KeywordCodeSearch.diffIndex] Diff computed
INFO [2023-11-17T15:58:47.436Z]: {"adding":0,"deleting":0}
INFO [2023-11-17T15:58:47.450Z]: project_reinitialize_success
INFO [2023-11-17T15:58:47.450Z]: {}
INFO [2023-11-17T15:58:47.624Z]: [Engine.indexCode] Preindexing with graph
INFO [2023-11-17T15:58:47.625Z]: [SemanticCodeSearch.preIndex] Embedding components
INFO [2023-11-17T15:58:47.625Z]: {"added":2,"deleted":1}
INFO [2023-11-17T15:58:47.634Z]: [CodeGraphOrchestrator.preIndex] Preindexing
INFO [2023-11-17T15:58:47.634Z]: [CodeGraphOrchestrator.preIndex] Linking
INFO [2023-11-17T15:58:47.634Z]: {"language":"JavaScript"}
INFO [2023-11-17T15:58:47.674Z]: [CodeGraphOrchestrator.preIndex] Symbolising
INFO [2023-11-17T15:58:47.675Z]: {"language":"JavaScript","percent":100,"file":"1\\public\\javascripts\\GuPSpiel.js"}
INFO [2023-11-17T15:58:47.913Z]: [CodeGraphOrchestrator.preIndex] Linking
INFO [2023-11-17T15:58:47.914Z]: {"language":"JavaScript","percent":100,"file":"1\\public\\javascripts\\GuPSpiel.js"}
INFO [2023-11-17T15:58:47.915Z]: [CodeGraphOrchestrator.preIndex] Linking
INFO [2023-11-17T15:58:47.915Z]: {"language":"JavaScript","percent":100}
INFO [2023-11-17T15:58:47.915Z]: [CodeGraphOrchestrator.preIndex] Linking complete
INFO [2023-11-17T15:58:47.915Z]: {"language":"JavaScript"}
INFO [2023-11-17T15:58:47.915Z]: [CodeGraphOrchestrator.preIndex] Preindexed
INFO [2023-11-17T15:58:48.701Z]: [SemanticCodeSearch.preIndex] Embedded components
INFO [2023-11-17T15:58:48.702Z]: {"length":2}
INFO [2023-11-17T15:58:48.702Z]: [Engine.indexCode]: Preindexed semantic & graph
INFO [2023-11-17T15:58:48.702Z]: [Engine.indexCode] Indexing code
INFO [2023-11-17T15:58:48.702Z]: [KeywordCodeSearch.index] Indexing
INFO [2023-11-17T15:58:48.706Z]: [KeywordCodeSearch.index] Saving index
INFO [2023-11-17T15:58:48.706Z]: [CodeGraphOrchestrator.index] Indexing
INFO [2023-11-17T15:58:48.706Z]: [CodeGraphOrchestrator.index] Indexing Language
INFO [2023-11-17T15:58:48.706Z]: {"language":"JavaScript"}
INFO [2023-11-17T15:58:48.796Z]: [CodeGraphOrchestrator.index] Indexed
INFO [2023-11-17T15:58:48.803Z]: [KeywordCodeSearch.index] Indexed
INFO [2023-11-17T15:58:48.803Z]: [SemanticCodeSearch.index] Indexing components
INFO [2023-11-17T15:58:48.803Z]: {"added":2,"deleted":1}
INFO [2023-11-17T15:58:48.803Z]: [SemanticCodeSearch.index] Deleting components
INFO [2023-11-17T15:58:48.803Z]: {"embeddingsToDelete":1}
INFO [2023-11-17T15:58:48.804Z]: [SemanticCodeSearch.index] Writing components
INFO [2023-11-17T15:58:48.804Z]: {"write":2}
INFO [2023-11-17T15:58:49.307Z]: [SemanticCodeSearch.index] Indexed components
INFO [2023-11-17T15:58:49.307Z]: {"resuts":2,"delete":1}
INFO [2023-11-17T15:58:49.307Z]: [CodeIndex.index] Indexing with MetaDB
INFO [2023-11-17T15:58:49.307Z]: {"files":{"added":0,"changed":1,"deleted":0}}
INFO [2023-11-17T15:58:49.314Z]: [CodeIndex.index] Indexed with MetaDB
INFO [2023-11-17T15:58:49.323Z]: [CodeTagger.index] Starting to index
INFO [2023-11-17T15:58:49.488Z]: [Engine.indexCode] Indexed code
INFO [2023-11-17T15:58:49.489Z]: [KeywordCodeSearch.diffIndex] Computing diff
INFO [2023-11-17T15:58:49.491Z]: [KeywordCodeSearch.diffIndex] Diff computed
INFO [2023-11-17T15:58:49.491Z]: {"adding":0,"deleting":0}
INFO [2023-11-17T15:58:49.518Z]: project_reinitialize_success
INFO [2023-11-17T15:58:49.518Z]: {}
INFO [2023-11-17T15:58:54.134Z]: project_reinitialize_start
INFO [2023-11-17T15:58:54.135Z]: {}
INFO [2023-11-17T15:58:54.270Z]: [Engine.indexCode] Preindexing with graph
INFO [2023-11-17T15:58:54.271Z]: [SemanticCodeSearch.preIndex] Embedding components
INFO [2023-11-17T15:58:54.271Z]: {"added":1,"deleted":2}
INFO [2023-11-17T15:58:54.278Z]: [CodeGraphOrchestrator.preIndex] Preindexing
INFO [2023-11-17T15:58:54.278Z]: [CodeGraphOrchestrator.preIndex] Linking
INFO [2023-11-17T15:58:54.278Z]: {"language":"JavaScript"}
INFO [2023-11-17T15:58:54.326Z]: [CodeGraphOrchestrator.preIndex] Symbolising
INFO [2023-11-17T15:58:54.326Z]: {"language":"JavaScript","percent":100,"file":"1\\public\\javascripts\\GuPSpiel.js"}
INFO [2023-11-17T15:58:54.913Z]: [SemanticCodeSearch.preIndex] Embedded components
INFO [2023-11-17T15:58:54.914Z]: {"length":1}
INFO [2023-11-17T15:58:55.076Z]: [CodeGraphOrchestrator.preIndex] Linking
INFO [2023-11-17T15:58:55.077Z]: {"language":"JavaScript","percent":100,"file":"1\\public\\javascripts\\GuPSpiel.js"}
INFO [2023-11-17T15:58:55.077Z]: [CodeGraphOrchestrator.preIndex] Linking
INFO [2023-11-17T15:58:55.077Z]: {"language":"JavaScript","percent":100}
INFO [2023-11-17T15:58:55.077Z]: [CodeGraphOrchestrator.preIndex] Linking complete
INFO [2023-11-17T15:58:55.077Z]: {"language":"JavaScript"}
INFO [2023-11-17T15:58:55.077Z]: [CodeGraphOrchestrator.preIndex] Preindexed
INFO [2023-11-17T15:58:55.077Z]: [Engine.indexCode]: Preindexed semantic & graph
INFO [2023-11-17T15:58:55.077Z]: [Engine.indexCode] Indexing code
INFO [2023-11-17T15:58:55.077Z]: [KeywordCodeSearch.index] Indexing
INFO [2023-11-17T15:58:55.083Z]: [KeywordCodeSearch.index] Saving index
INFO [2023-11-17T15:58:55.083Z]: [CodeGraphOrchestrator.index] Indexing
INFO [2023-11-17T15:58:55.083Z]: [CodeGraphOrchestrator.index] Indexing Language
INFO [2023-11-17T15:58:55.083Z]: {"language":"JavaScript"}
INFO [2023-11-17T15:58:55.102Z]: [CodeGraphOrchestrator.index] Indexed
INFO [2023-11-17T15:58:55.116Z]: [KeywordCodeSearch.index] Indexed
INFO [2023-11-17T15:58:55.116Z]: [SemanticCodeSearch.index] Indexing components
INFO [2023-11-17T15:58:55.116Z]: {"added":1,"deleted":2}
INFO [2023-11-17T15:58:55.116Z]: [SemanticCodeSearch.index] Deleting components
INFO [2023-11-17T15:58:55.116Z]: {"embeddingsToDelete":2}
INFO [2023-11-17T15:58:55.116Z]: [SemanticCodeSearch.index] Writing components
INFO [2023-11-17T15:58:55.116Z]: {"write":1}
INFO [2023-11-17T15:58:55.377Z]: [SemanticCodeSearch.index] Indexed components
INFO [2023-11-17T15:58:55.377Z]: {"resuts":1,"delete":2}
INFO [2023-11-17T15:58:55.377Z]: [CodeIndex.index] Indexing with MetaDB
INFO [2023-11-17T15:58:55.377Z]: {"files":{"added":0,"changed":1,"deleted":0}}
INFO [2023-11-17T15:58:55.385Z]: [CodeIndex.index] Indexed with MetaDB
INFO [2023-11-17T15:58:55.395Z]: [CodeTagger.index] Starting to index
INFO [2023-11-17T15:58:55.503Z]: [Engine.indexCode] Indexed code
INFO [2023-11-17T15:58:55.504Z]: [KeywordCodeSearch.diffIndex] Computing diff
INFO [2023-11-17T15:58:55.506Z]: [KeywordCodeSearch.diffIndex] Diff computed
INFO [2023-11-17T15:58:55.506Z]: {"adding":0,"deleting":0}
INFO [2023-11-17T15:58:55.516Z]: project_reinitialize_success
INFO [2023-11-17T15:58:55.517Z]: {}
INFO [2023-11-17T15:58:58.792Z]: project_reinitialize_start
INFO [2023-11-17T15:58:58.792Z]: {}
INFO [2023-11-17T15:58:59.152Z]: [Engine.indexCode] Preindexing with graph
INFO [2023-11-17T15:58:59.152Z]: [SemanticCodeSearch.preIndex] Embedding components
INFO [2023-11-17T15:58:59.152Z]: {"added":110,"deleted":1}
INFO [2023-11-17T15:58:59.182Z]: [CodeGraphOrchestrator.preIndex] Preindexing
INFO [2023-11-17T15:58:59.182Z]: [CodeGraphOrchestrator.preIndex] Linking
INFO [2023-11-17T15:58:59.182Z]: {"language":"JavaScript"}
INFO [2023-11-17T15:58:59.315Z]: [CodeGraphOrchestrator.preIndex] Symbolising
INFO [2023-11-17T15:58:59.316Z]: {"language":"JavaScript","percent":100,"file":"1\\public\\javascripts\\GuPSpiel.js"}
INFO [2023-11-17T15:58:59.453Z]: project_reinitialize_start
INFO [2023-11-17T15:58:59.453Z]: {}
INFO [2023-11-17T15:59:00.109Z]: [CodeGraphOrchestrator.preIndex] Linking
INFO [2023-11-17T15:59:00.110Z]: {"language":"JavaScript","percent":100,"file":"1\\public\\javascripts\\GuPSpiel.js"}
INFO [2023-11-17T15:59:00.110Z]: [CodeGraphOrchestrator.preIndex] Linking
INFO [2023-11-17T15:59:00.110Z]: {"language":"JavaScript","percent":100}
INFO [2023-11-17T15:59:00.110Z]: [CodeGraphOrchestrator.preIndex] Linking complete
INFO [2023-11-17T15:59:00.110Z]: {"language":"JavaScript"}
INFO [2023-11-17T15:59:00.110Z]: [CodeGraphOrchestrator.preIndex] Preindexed
INFO [2023-11-17T15:59:02.073Z]: [SemanticCodeSearch.preIndex] Embedded components
INFO [2023-11-17T15:59:02.074Z]: {"length":110}
INFO [2023-11-17T15:59:02.074Z]: [Engine.indexCode]: Preindexed semantic & graph
INFO [2023-11-17T15:59:02.074Z]: [Engine.indexCode] Indexing code
INFO [2023-11-17T15:59:02.074Z]: [KeywordCodeSearch.index] Indexing
INFO [2023-11-17T15:59:02.081Z]: [KeywordCodeSearch.index] Saving index
INFO [2023-11-17T15:59:02.081Z]: [CodeGraphOrchestrator.index] Indexing
INFO [2023-11-17T15:59:02.081Z]: [CodeGraphOrchestrator.index] Indexing Language
INFO [2023-11-17T15:59:02.081Z]: {"language":"JavaScript"}
INFO [2023-11-17T15:59:02.178Z]: [CodeGraphOrchestrator.index] Indexed
INFO [2023-11-17T15:59:02.298Z]: [KeywordCodeSearch.index] Indexed
INFO [2023-11-17T15:59:02.299Z]: [SemanticCodeSearch.index] Indexing components
INFO [2023-11-17T15:59:02.299Z]: {"added":110,"deleted":1}
INFO [2023-11-17T15:59:02.299Z]: [SemanticCodeSearch.index] Deleting components
INFO [2023-11-17T15:59:02.299Z]: {"embeddingsToDelete":1}
INFO [2023-11-17T15:59:02.300Z]: [SemanticCodeSearch.index] Writing components
INFO [2023-11-17T15:59:02.300Z]: {"write":110}
INFO [2023-11-17T15:59:03.183Z]: [SemanticCodeSearch.index] Indexed components
INFO [2023-11-17T15:59:03.184Z]: {"resuts":110,"delete":1}
INFO [2023-11-17T15:59:03.184Z]: [CodeIndex.index] Indexing with MetaDB
INFO [2023-11-17T15:59:03.184Z]: {"files":{"added":0,"changed":1,"deleted":0}}
INFO [2023-11-17T15:59:03.199Z]: [CodeIndex.index] Indexed with MetaDB
INFO [2023-11-17T15:59:03.230Z]: [CodeTagger.index] Starting to index
INFO [2023-11-17T15:59:03.250Z]: project_reinitialize_start
INFO [2023-11-17T15:59:03.250Z]: {}
INFO [2023-11-17T15:59:03.295Z]: project_reinitialize_start
INFO [2023-11-17T15:59:03.295Z]: {}
INFO [2023-11-17T15:59:03.674Z]: [Engine.indexCode] Indexed code
INFO [2023-11-17T15:59:03.676Z]: [KeywordCodeSearch.diffIndex] Computing diff
INFO [2023-11-17T15:59:03.680Z]: [KeywordCodeSearch.diffIndex] Diff computed
INFO [2023-11-17T15:59:03.680Z]: {"adding":0,"deleting":0}
INFO [2023-11-17T15:59:03.811Z]: project_reinitialize_success
INFO [2023-11-17T15:59:03.812Z]: {}
INFO [2023-11-17T15:59:04.011Z]: [Engine.indexCode] Preindexing with graph
INFO [2023-11-17T15:59:04.011Z]: [SemanticCodeSearch.preIndex] Embedding components
INFO [2023-11-17T15:59:04.011Z]: {"added":1,"deleted":110}
INFO [2023-11-17T15:59:04.020Z]: [CodeGraphOrchestrator.preIndex] Preindexing
INFO [2023-11-17T15:59:04.020Z]: [CodeGraphOrchestrator.preIndex] Linking
INFO [2023-11-17T15:59:04.020Z]: {"language":"JavaScript"}
INFO [2023-11-17T15:59:04.045Z]: [CodeGraphOrchestrator.preIndex] Symbolising
INFO [2023-11-17T15:59:04.046Z]: {"language":"JavaScript","percent":100,"file":"1\\public\\javascripts\\GuPSpiel.js"}
INFO [2023-11-17T15:59:04.658Z]: [CodeGraphOrchestrator.preIndex] Linking
INFO [2023-11-17T15:59:04.658Z]: {"language":"JavaScript","percent":100,"file":"1\\public\\javascripts\\GuPSpiel.js"}
INFO [2023-11-17T15:59:04.659Z]: [CodeGraphOrchestrator.preIndex] Linking
INFO [2023-11-17T15:59:04.659Z]: {"language":"JavaScript","percent":100}
INFO [2023-11-17T15:59:04.659Z]: [CodeGraphOrchestrator.preIndex] Linking complete
INFO [2023-11-17T15:59:04.659Z]: {"language":"JavaScript"}
INFO [2023-11-17T15:59:04.659Z]: [CodeGraphOrchestrator.preIndex] Preindexed
INFO [2023-11-17T15:59:04.673Z]: [SemanticCodeSearch.preIndex] Embedded components
INFO [2023-11-17T15:59:04.673Z]: {"length":1}
INFO [2023-11-17T15:59:04.673Z]: [Engine.indexCode]: Preindexed semantic & graph
INFO [2023-11-17T15:59:04.673Z]: [Engine.indexCode] Indexing code
INFO [2023-11-17T15:59:04.673Z]: [KeywordCodeSearch.index] Indexing
INFO [2023-11-17T15:59:04.858Z]: [KeywordCodeSearch.index] Saving index
INFO [2023-11-17T15:59:04.858Z]: [CodeGraphOrchestrator.index] Indexing
INFO [2023-11-17T15:59:04.858Z]: [CodeGraphOrchestrator.index] Indexing Language
INFO [2023-11-17T15:59:04.858Z]: {"language":"JavaScript"}
INFO [2023-11-17T15:59:05.031Z]: [CodeGraphOrchestrator.index] Indexed
INFO [2023-11-17T15:59:05.053Z]: [KeywordCodeSearch.index] Indexed
INFO [2023-11-17T15:59:05.053Z]: [SemanticCodeSearch.index] Indexing components
INFO [2023-11-17T15:59:05.053Z]: {"added":1,"deleted":110}
INFO [2023-11-17T15:59:05.053Z]: [SemanticCodeSearch.index] Deleting components
INFO [2023-11-17T15:59:05.053Z]: {"embeddingsToDelete":110}
INFO [2023-11-17T15:59:05.056Z]: [SemanticCodeSearch.index] Writing components
INFO [2023-11-17T15:59:05.056Z]: {"write":1}
INFO [2023-11-17T15:59:05.741Z]: [SemanticCodeSearch.index] Indexed components
INFO [2023-11-17T15:59:05.741Z]: {"resuts":1,"delete":110}
INFO [2023-11-17T15:59:05.741Z]: [CodeIndex.index] Indexing with MetaDB
INFO [2023-11-17T15:59:05.741Z]: {"files":{"added":0,"changed":1,"deleted":0}}
INFO [2023-11-17T15:59:05.752Z]: [CodeIndex.index] Indexed with MetaDB
INFO [2023-11-17T15:59:05.759Z]: [CodeTagger.index] Starting to index
INFO [2023-11-17T15:59:05.777Z]: project_reinitialize_start
INFO [2023-11-17T15:59:05.777Z]: {}
INFO [2023-11-17T15:59:05.906Z]: [Engine.indexCode] Indexed code
INFO [2023-11-17T15:59:05.907Z]: [KeywordCodeSearch.diffIndex] Computing diff
INFO [2023-11-17T15:59:05.909Z]: [KeywordCodeSearch.diffIndex] Diff computed
INFO [2023-11-17T15:59:05.909Z]: {"adding":0,"deleting":0}
INFO [2023-11-17T15:59:05.918Z]: project_reinitialize_success
INFO [2023-11-17T15:59:05.918Z]: {}
INFO [2023-11-17T15:59:06.270Z]: [Engine.indexCode] Preindexing with graph
INFO [2023-11-17T15:59:06.271Z]: [SemanticCodeSearch.preIndex] Embedding components
INFO [2023-11-17T15:59:06.271Z]: {"added":2,"deleted":1}
INFO [2023-11-17T15:59:06.284Z]: [CodeGraphOrchestrator.preIndex] Preindexing
INFO [2023-11-17T15:59:06.284Z]: [CodeGraphOrchestrator.preIndex] Linking
INFO [2023-11-17T15:59:06.284Z]: {"language":"JavaScript"}
INFO [2023-11-17T15:59:06.317Z]: [CodeGraphOrchestrator.preIndex] Symbolising
INFO [2023-11-17T15:59:06.318Z]: {"language":"JavaScript","percent":100,"file":"1\\public\\javascripts\\GuPSpiel.js"}
INFO [2023-11-17T15:59:06.890Z]: [CodeGraphOrchestrator.preIndex] Linking
INFO [2023-11-17T15:59:06.890Z]: {"language":"JavaScript","percent":100,"file":"1\\public\\javascripts\\GuPSpiel.js"}
INFO [2023-11-17T15:59:06.891Z]: [CodeGraphOrchestrator.preIndex] Linking
INFO [2023-11-17T15:59:06.891Z]: {"language":"JavaScript","percent":100}
INFO [2023-11-17T15:59:06.891Z]: [CodeGraphOrchestrator.preIndex] Linking complete
INFO [2023-11-17T15:59:06.891Z]: {"language":"JavaScript"}
INFO [2023-11-17T15:59:06.891Z]: [CodeGraphOrchestrator.preIndex] Preindexed
INFO [2023-11-17T15:59:07.119Z]: [SemanticCodeSearch.preIndex] Embedded components
INFO [2023-11-17T15:59:07.119Z]: {"length":2}
INFO [2023-11-17T15:59:07.120Z]: [Engine.indexCode]: Preindexed semantic & graph
INFO [2023-11-17T15:59:07.120Z]: [Engine.indexCode] Indexing code
INFO [2023-11-17T15:59:07.120Z]: [KeywordCodeSearch.index] Indexing
INFO [2023-11-17T15:59:07.122Z]: [KeywordCodeSearch.index] Saving index
INFO [2023-11-17T15:59:07.122Z]: [CodeGraphOrchestrator.index] Indexing
INFO [2023-11-17T15:59:07.122Z]: [CodeGraphOrchestrator.index] Indexing Language
INFO [2023-11-17T15:59:07.122Z]: {"language":"JavaScript"}
INFO [2023-11-17T15:59:07.154Z]: [KeywordCodeSearch.index] Indexed
INFO [2023-11-17T15:59:07.155Z]: [CodeGraphOrchestrator.index] Indexed
INFO [2023-11-17T15:59:07.155Z]: [SemanticCodeSearch.index] Indexing components
INFO [2023-11-17T15:59:07.155Z]: {"added":2,"deleted":1}
INFO [2023-11-17T15:59:07.155Z]: [SemanticCodeSearch.index] Deleting components
INFO [2023-11-17T15:59:07.155Z]: {"embeddingsToDelete":1}
INFO [2023-11-17T15:59:07.155Z]: [SemanticCodeSearch.index] Writing components
INFO [2023-11-17T15:59:07.155Z]: {"write":2}
INFO [2023-11-17T15:59:07.404Z]: [SemanticCodeSearch.index] Indexed components
INFO [2023-11-17T15:59:07.404Z]: {"resuts":2,"delete":1}
INFO [2023-11-17T15:59:07.405Z]: [CodeIndex.index] Indexing with MetaDB
INFO [2023-11-17T15:59:07.405Z]: {"files":{"added":0,"changed":1,"deleted":0}}
INFO [2023-11-17T15:59:07.419Z]: [CodeIndex.index] Indexed with MetaDB
INFO [2023-11-17T15:59:07.425Z]: [CodeTagger.index] Starting to index
INFO [2023-11-17T15:59:07.537Z]: [Engine.indexCode] Indexed code
INFO [2023-11-17T15:59:07.538Z]: [KeywordCodeSearch.diffIndex] Computing diff
INFO [2023-11-17T15:59:07.539Z]: [KeywordCodeSearch.diffIndex] Diff computed
INFO [2023-11-17T15:59:07.539Z]: {"adding":0,"deleting":0}
INFO [2023-11-17T15:59:07.548Z]: project_reinitialize_success
INFO [2023-11-17T15:59:07.548Z]: {}
INFO [2023-11-17T15:59:07.686Z]: [Engine.indexCode] Preindexing with graph
INFO [2023-11-17T15:59:07.686Z]: [SemanticCodeSearch.preIndex] Embedding components
INFO [2023-11-17T15:59:07.686Z]: {"added":0,"deleted":0}
INFO [2023-11-17T15:59:07.686Z]: [CodeGraphOrchestrator.preIndex] Preindexing
INFO [2023-11-17T15:59:07.686Z]: [CodeGraphOrchestrator.preIndex] Preindexed
INFO [2023-11-17T15:59:07.686Z]: [SemanticCodeSearch.preIndex] Embedded components
INFO [2023-11-17T15:59:07.686Z]: {"length":0}
INFO [2023-11-17T15:59:07.686Z]: [Engine.indexCode]: Preindexed semantic & graph
INFO [2023-11-17T15:59:07.687Z]: [Engine.indexCode] Indexing code
INFO [2023-11-17T15:59:07.687Z]: [KeywordCodeSearch.index] Indexing
INFO [2023-11-17T15:59:07.687Z]: [KeywordCodeSearch.index] Saving index
INFO [2023-11-17T15:59:07.687Z]: [CodeGraphOrchestrator.index] Indexing
INFO [2023-11-17T15:59:07.687Z]: [CodeGraphOrchestrator.index] Indexed
INFO [2023-11-17T15:59:07.723Z]: [KeywordCodeSearch.index] Indexed
INFO [2023-11-17T15:59:07.723Z]: [SemanticCodeSearch.index] Indexing components
INFO [2023-11-17T15:59:07.723Z]: {"added":0,"deleted":0}
INFO [2023-11-17T15:59:07.723Z]: [SemanticCodeSearch.index] Deleting components
INFO [2023-11-17T15:59:07.723Z]: {"embeddingsToDelete":0}
INFO [2023-11-17T15:59:07.723Z]: [SemanticCodeSearch.index] Writing components
INFO [2023-11-17T15:59:07.723Z]: {"write":0}
INFO [2023-11-17T15:59:08.038Z]: [SemanticCodeSearch.index] Indexed components
INFO [2023-11-17T15:59:08.038Z]: {"resuts":0,"delete":0}
INFO [2023-11-17T15:59:08.038Z]: [CodeIndex.index] Indexing with MetaDB
INFO [2023-11-17T15:59:08.038Z]: {"files":{"added":0,"changed":0,"deleted":0}}
INFO [2023-11-17T15:59:08.045Z]: [CodeIndex.index] Indexed with MetaDB
INFO [2023-11-17T15:59:08.053Z]: [CodeTagger.index] Starting to index
INFO [2023-11-17T15:59:08.177Z]: [Engine.indexCode] Indexed code
INFO [2023-11-17T15:59:08.178Z]: [KeywordCodeSearch.diffIndex] Computing diff
INFO [2023-11-17T15:59:08.179Z]: [KeywordCodeSearch.diffIndex] Diff computed
INFO [2023-11-17T15:59:08.179Z]: {"adding":0,"deleting":0}
INFO [2023-11-17T15:59:08.188Z]: project_reinitialize_success
INFO [2023-11-17T15:59:08.189Z]: {}
INFO [2023-11-17T15:59:08.339Z]: [Engine.indexCode] Preindexing with graph
INFO [2023-11-17T15:59:08.339Z]: [SemanticCodeSearch.preIndex] Embedding components
INFO [2023-11-17T15:59:08.339Z]: {"added":0,"deleted":0}
INFO [2023-11-17T15:59:08.339Z]: [CodeGraphOrchestrator.preIndex] Preindexing
INFO [2023-11-17T15:59:08.339Z]: [CodeGraphOrchestrator.preIndex] Preindexed
INFO [2023-11-17T15:59:08.339Z]: [SemanticCodeSearch.preIndex] Embedded components
INFO [2023-11-17T15:59:08.339Z]: {"length":0}
INFO [2023-11-17T15:59:08.340Z]: [Engine.indexCode]: Preindexed semantic & graph
INFO [2023-11-17T15:59:08.340Z]: [Engine.indexCode] Indexing code
INFO [2023-11-17T15:59:08.340Z]: [KeywordCodeSearch.index] Indexing
INFO [2023-11-17T15:59:08.340Z]: [KeywordCodeSearch.index] Saving index
INFO [2023-11-17T15:59:08.340Z]: [CodeGraphOrchestrator.index] Indexing
INFO [2023-11-17T15:59:08.340Z]: [CodeGraphOrchestrator.index] Indexed
INFO [2023-11-17T15:59:08.375Z]: [KeywordCodeSearch.index] Indexed
INFO [2023-11-17T15:59:08.376Z]: [SemanticCodeSearch.index] Indexing components
INFO [2023-11-17T15:59:08.376Z]: {"added":0,"deleted":0}
INFO [2023-11-17T15:59:08.376Z]: [SemanticCodeSearch.index] Deleting components
INFO [2023-11-17T15:59:08.376Z]: {"embeddingsToDelete":0}
INFO [2023-11-17T15:59:08.376Z]: [SemanticCodeSearch.index] Writing components
INFO [2023-11-17T15:59:08.376Z]: {"write":0}
INFO [2023-11-17T15:59:08.647Z]: [SemanticCodeSearch.index] Indexed components
INFO [2023-11-17T15:59:08.648Z]: {"resuts":0,"delete":0}
INFO [2023-11-17T15:59:08.648Z]: [CodeIndex.index] Indexing with MetaDB
INFO [2023-11-17T15:59:08.648Z]: {"files":{"added":0,"changed":0,"deleted":0}}
INFO [2023-11-17T15:59:08.652Z]: [CodeIndex.index] Indexed with MetaDB
INFO [2023-11-17T15:59:08.663Z]: [CodeTagger.index] Starting to index
INFO [2023-11-17T15:59:08.768Z]: [Engine.indexCode] Indexed code
INFO [2023-11-17T15:59:08.769Z]: [KeywordCodeSearch.diffIndex] Computing diff
INFO [2023-11-17T15:59:08.771Z]: [KeywordCodeSearch.diffIndex] Diff computed
INFO [2023-11-17T15:59:08.771Z]: {"adding":0,"deleting":0}
INFO [2023-11-17T15:59:08.779Z]: project_reinitialize_success
INFO [2023-11-17T15:59:08.780Z]: {}
INFO [2023-11-17T16:02:20.421Z]: Preparing to initialize extension
INFO [2023-11-17T16:02:21.433Z]: Registering flag observer
INFO [2023-11-17T16:02:21.434Z]: Navigating to loading page
INFO [2023-11-17T16:02:21.434Z]: Navigation
INFO [2023-11-17T16:02:21.434Z]: {"page":"/loading"}
INFO [2023-11-17T16:02:21.434Z]: Initializing workspace controller
INFO [2023-11-17T16:02:21.442Z]: Creating URI handler
INFO [2023-11-17T16:02:21.442Z]: Getting auth service props
INFO [2023-11-17T16:02:21.445Z]: Creating auth service
INFO [2023-11-17T16:02:21.445Z]: Setting network auth service
INFO [2023-11-17T16:02:21.445Z]: Creating context store
INFO [2023-11-17T16:02:21.445Z]: Creating engine
INFO [2023-11-17T16:02:21.445Z]: Creating sql db
INFO [2023-11-17T16:02:22.149Z]: Creating vector db
INFO [2023-11-17T16:02:22.154Z]: Creating config manager
INFO [2023-11-17T16:02:22.168Z]: Get languages
INFO [2023-11-17T16:02:22.169Z]: Reading ALL files
INFO [2023-11-17T16:02:24.264Z]: Files: 31
INFO [2023-11-17T16:02:24.265Z]: Counting languages
INFO [2023-11-17T16:02:24.265Z]: Sorting languages
INFO [2023-11-17T16:02:24.265Z]: Get Overview
INFO [2023-11-17T16:02:24.265Z]: Creating code parser
INFO [2023-11-17T16:02:24.266Z]: Creating code index
INFO [2023-11-17T16:02:24.266Z]: Creating graphs
INFO [2023-11-17T16:02:24.266Z]: Creating tagger
INFO [2023-11-17T16:02:24.266Z]: Creating semantic
INFO [2023-11-17T16:02:24.266Z]: Creating keyword
INFO [2023-11-17T16:02:24.266Z]: Creating file search
INFO [2023-11-17T16:02:24.266Z]: Initializing engine
INFO [2023-11-17T16:02:29.685Z]: [CodeTagger.init] Initializing
INFO [2023-11-17T16:02:29.696Z]: Initializing history service
INFO [2023-11-17T16:02:29.696Z]: Creating project bot props
INFO [2023-11-17T16:02:29.696Z]: Creating plan service
INFO [2023-11-17T16:02:29.696Z]: Creating terms service
INFO [2023-11-17T16:02:29.696Z]: Creating auth controller
INFO [2023-11-17T16:02:29.696Z]: Initializing auth controller
INFO [2023-11-17T16:02:29.698Z]: Checking auth
INFO [2023-11-17T16:02:30.085Z]: Set User: 2AI2X7dmk1ZGODgXjuGnNWZ0uKA2
INFO [2023-11-17T16:02:30.105Z]: Creating plan controller
INFO [2023-11-17T16:02:30.106Z]: Initializing plan controller
INFO [2023-11-17T16:02:30.552Z]: Creating status controller
INFO [2023-11-17T16:02:30.554Z]: Creating chat bot
INFO [2023-11-17T16:02:30.555Z]: Creating git service
INFO [2023-11-17T16:02:30.556Z]: Creating user context
INFO [2023-11-17T16:02:30.556Z]: Creating search controller
INFO [2023-11-17T16:02:30.556Z]: Initializing search controller
INFO [2023-11-17T16:02:30.561Z]: Creating index controller
INFO [2023-11-17T16:02:30.561Z]: Initializing index controller
INFO [2023-11-17T16:02:30.561Z]: Creating migrate controller
INFO [2023-11-17T16:02:30.561Z]: Initializing migrate controller
INFO [2023-11-17T16:02:30.561Z]: Creating settings controller
INFO [2023-11-17T16:02:30.561Z]: Initializing settings controller
INFO [2023-11-17T16:02:30.561Z]: Creating navigation controller
INFO [2023-11-17T16:02:30.562Z]: Initializing navigation controller
INFO [2023-11-17T16:02:30.562Z]: Registering auth service with auth controller
INFO [2023-11-17T16:02:30.562Z]: Calculating navigation
INFO [2023-11-17T16:02:30.695Z]: Navigation
INFO [2023-11-17T16:02:30.696Z]: {"page":"/home"}
INFO [2023-11-17T16:02:30.703Z]: Fully initialized!
INFO [2023-11-17T16:02:30.707Z]: project_reinitialize_start
INFO [2023-11-17T16:02:30.707Z]: {}
INFO [2023-11-17T16:02:30.708Z]: extension_initialized
INFO [2023-11-17T16:02:30.708Z]: {"timeToInit":10283}
INFO [2023-11-17T16:02:30.965Z]: [Engine.indexCode] Preindexing with graph
INFO [2023-11-17T16:02:30.966Z]: [SemanticCodeSearch.preIndex] Embedding components
INFO [2023-11-17T16:02:30.966Z]: {"added":0,"deleted":0}
INFO [2023-11-17T16:02:30.967Z]: [CodeGraphOrchestrator.preIndex] Preindexing
INFO [2023-11-17T16:02:30.967Z]: [CodeGraphOrchestrator.preIndex] Preindexed
INFO [2023-11-17T16:02:30.968Z]: [SemanticCodeSearch.preIndex] Embedded components
INFO [2023-11-17T16:02:30.968Z]: {"length":0}
INFO [2023-11-17T16:02:30.969Z]: [Engine.indexCode]: Preindexed semantic & graph
INFO [2023-11-17T16:02:30.969Z]: [Engine.indexCode] Indexing code
INFO [2023-11-17T16:02:30.969Z]: [KeywordCodeSearch.index] Indexing
INFO [2023-11-17T16:02:30.969Z]: [KeywordCodeSearch.index] Saving index
INFO [2023-11-17T16:02:30.970Z]: [CodeGraphOrchestrator.index] Indexing
INFO [2023-11-17T16:02:30.970Z]: [CodeGraphOrchestrator.index] Indexed
INFO [2023-11-17T16:02:31.053Z]: [KeywordCodeSearch.index] Indexed
INFO [2023-11-17T16:02:31.055Z]: [SemanticCodeSearch.index] Indexing components
INFO [2023-11-17T16:02:31.055Z]: {"added":0,"deleted":0}
INFO [2023-11-17T16:02:31.055Z]: [SemanticCodeSearch.index] Deleting components
INFO [2023-11-17T16:02:31.055Z]: {"embeddingsToDelete":0}
INFO [2023-11-17T16:02:31.055Z]: [SemanticCodeSearch.index] Writing components
INFO [2023-11-17T16:02:31.055Z]: {"write":0}
INFO [2023-11-17T16:02:31.297Z]: [SemanticCodeSearch.index] Indexed components
INFO [2023-11-17T16:02:31.297Z]: {"resuts":0,"delete":0}
INFO [2023-11-17T16:02:31.297Z]: [CodeIndex.index] Indexing with MetaDB
INFO [2023-11-17T16:02:31.297Z]: {"files":{"added":0,"changed":0,"deleted":0}}
INFO [2023-11-17T16:02:31.308Z]: [CodeIndex.index] Indexed with MetaDB
INFO [2023-11-17T16:02:31.318Z]: [CodeTagger.index] Starting to index
INFO [2023-11-17T16:02:31.479Z]: [Engine.indexCode] Indexed code
INFO [2023-11-17T16:02:31.480Z]: [KeywordCodeSearch.diffIndex] Computing diff
INFO [2023-11-17T16:02:31.482Z]: [KeywordCodeSearch.diffIndex] Diff computed
INFO [2023-11-17T16:02:31.482Z]: {"adding":0,"deleting":0}
INFO [2023-11-17T16:02:31.510Z]: project_reinitialize_success
INFO [2023-11-17T16:02:31.511Z]: {}